---------------------------------------------------------------
[ 2017-11-13T09:33:19+08:00 ] 127.0.0.1 127.0.0.1 GET /chat/msg/lists
[ info ] kefu.test.com/chat/msg/lists [运行时间：0.028000s][吞吐率：35.71req/s] [内存消耗：2,633.30kb] [文件加载：45]
[ info ] [ LANG ] F:\code\thinkSwoole\thinkphp\lang\zh-cn.php
[ info ] [ ROUTE ] array (
  'type' => 'module',
  'module' => 
  array (
    0 => 'chat',
    1 => 'msg',
    2 => 'lists',
  ),
)
[ info ] [ HEADER ] array (
  'host' => 'kefu.test.com',
  'user-agent' => 'Mozilla/5.0 (Windows NT 6.1; Win64; x64; rv:56.0) Gecko/20100101 Firefox/56.0',
  'accept' => 'text/html,application/xhtml+xml,application/xml;q=0.9,*/*;q=0.8',
  'accept-language' => 'zh-CN,zh;q=0.8,en-US;q=0.5,en;q=0.3',
  'accept-encoding' => 'gzip, deflate',
  'cookie' => 'PHPSESSID=7iq0rmvn9c1pef65us8u21sd54',
  'connection' => 'keep-alive',
  'upgrade-insecure-requests' => '1',
)
[ info ] [ PARAM ] array (
)
[ info ] [ SESSION ] INIT array (
  'id' => '',
  'var_session_id' => '',
  'prefix' => 'think',
  'type' => '',
  'auto_start' => true,
)
[ info ] [ DB ] INIT mysql
[ info ] [ RUN ] app\chat\controller\Msg->lists[ F:\code\thinkSwoole\application\chat\controller\Msg.php ]
[ info ] [ VIEW ] F:\code\thinkSwoole\public/../application/chat\view\index.html [ array (
  0 => 'id',
) ]
[ info ] [ LOG ] INIT File
---------------------------------------------------------------
[ 2017-11-13T09:33:19+08:00 ] 127.0.0.1 127.0.0.1 GET /static/js/jquery.min.map
[ info ] kefu.test.com/static/js/jquery.min.map [运行时间：0.014000s][吞吐率：71.43req/s] [内存消耗：1,130.31kb] [文件加载：30]
[ info ] [ LANG ] F:\code\thinkSwoole\thinkphp\lang\zh-cn.php
[ info ] [ ROUTE ] array (
  'type' => 'module',
  'module' => 
  array (
    0 => 'static',
    1 => 'js',
    2 => 'jquery.min.map',
  ),
)
[ info ] [ HEADER ] array (
  'host' => 'kefu.test.com',
  'user-agent' => 'Mozilla/5.0 (Windows NT 6.1; Win64; x64; rv:56.0) Gecko/20100101 Firefox/56.0',
  'accept' => '*/*',
  'accept-language' => 'zh-CN,zh;q=0.8,en-US;q=0.5,en;q=0.3',
  'accept-encoding' => 'gzip, deflate',
  'cookie' => 'PHPSESSID=7iq0rmvn9c1pef65us8u21sd54',
  'connection' => 'keep-alive',
)
[ info ] [ PARAM ] array (
)
[ info ] [ LOG ] INIT File
---------------------------------------------------------------
[ 2017-11-13T09:33:20+08:00 ] 127.0.0.1 127.0.0.1 GET /api/friends/lists?uid=2&_=1510536799656
[ info ] kefu.test.com/api/friends/lists?uid=2&_=1510536799656 [运行时间：0.309000s][吞吐率：3.24req/s] [内存消耗：2,738.41kb] [文件加载：45]
[ info ] [ LANG ] F:\code\thinkSwoole\thinkphp\lang\zh-cn.php
[ info ] [ ROUTE ] array (
  'type' => 'module',
  'module' => 
  array (
    0 => 'api',
    1 => 'friends',
    2 => 'lists',
  ),
)
[ info ] [ HEADER ] array (
  'host' => 'kefu.test.com',
  'user-agent' => 'Mozilla/5.0 (Windows NT 6.1; Win64; x64; rv:56.0) Gecko/20100101 Firefox/56.0',
  'accept' => 'application/json, text/javascript, */*; q=0.01',
  'accept-language' => 'zh-CN,zh;q=0.8,en-US;q=0.5,en;q=0.3',
  'accept-encoding' => 'gzip, deflate',
  'x-requested-with' => 'XMLHttpRequest',
  'referer' => 'http://kefu.test.com/chat/msg/lists',
  'cookie' => 'PHPSESSID=7iq0rmvn9c1pef65us8u21sd54',
  'connection' => 'keep-alive',
)
[ info ] [ PARAM ] array (
  'uid' => '2',
  '_' => '1510536799656',
)
[ info ] [ DB ] INIT mysql
[ info ] [ RUN ] app\api\controller\Friends->lists[ F:\code\thinkSwoole\application\api\controller\Friends.php ]
[ info ] [ LOG ] INIT File
[ sql ] [ DB ] CONNECT:[ UseTime:0.055000s ] mysql:host=119.29.208.229;port=3306;dbname=kefu;charset=utf8mb4
[ sql ] [ SQL ] SHOW COLUMNS FROM `users` [ RunTime:0.096000s ]
[ sql ] [ SQL ] SELECT uid as id,`username`,`account`,`avatar`,`sex`,`age`,`status`,`sign`,`addtime` FROM `users` WHERE  `uid` = 2 LIMIT 1 [ RunTime:0.035000s ]
[ sql ] [ SQL ] SHOW COLUMNS FROM `group` [ RunTime:0.023000s ]
[ sql ] [ SQL ] SELECT * FROM `group` WHERE  `create_uid` = 2 [ RunTime:0.023000s ]
[ sql ] [ SQL ] SHOW COLUMNS FROM `friends` [ RunTime:0.025000s ]
[ sql ] [ SQL ] SELECT `u`.`username`,`u`.`account`,`u`.`avatar`,`u`.`sex`,`u`.`age`,`f`.`group_id`,`f`.`uid`,f.fid as id FROM `friends` `f` INNER JOIN `users` `u` ON `f`.`fid`=`u`.`uid` WHERE  `f`.`uid` = '2' [ RunTime:0.026000s ]
---------------------------------------------------------------
[ 2017-11-13T09:46:30+08:00 ] 127.0.0.1 127.0.0.1 GET /chat/msg/lists
[ info ] kefu.test.com/chat/msg/lists [运行时间：0.024000s][吞吐率：41.67req/s] [内存消耗：2,634.55kb] [文件加载：45]
[ info ] [ LANG ] F:\code\thinkSwoole\thinkphp\lang\zh-cn.php
[ info ] [ ROUTE ] array (
  'type' => 'module',
  'module' => 
  array (
    0 => 'chat',
    1 => 'msg',
    2 => 'lists',
  ),
)
[ info ] [ HEADER ] array (
  'host' => 'kefu.test.com',
  'connection' => 'keep-alive',
  'user-agent' => 'Mozilla/5.0 (Windows NT 6.1; Win64; x64) AppleWebKit/537.36 (KHTML, like Gecko) Chrome/61.0.3163.100 Safari/537.36',
  'upgrade-insecure-requests' => '1',
  'accept' => 'text/html,application/xhtml+xml,application/xml;q=0.9,image/webp,image/apng,*/*;q=0.8',
  'accept-encoding' => 'gzip, deflate',
  'accept-language' => 'zh-CN,zh;q=0.8',
  'cookie' => 'pgv_pvi=1040552960; pgv_si=s4270891008; PHPSESSID=hadubfu8alj49h0a418djcbha5',
)
[ info ] [ PARAM ] array (
)
[ info ] [ SESSION ] INIT array (
  'id' => '',
  'var_session_id' => '',
  'prefix' => 'think',
  'type' => '',
  'auto_start' => true,
)
[ info ] [ DB ] INIT mysql
[ info ] [ RUN ] app\chat\controller\Msg->lists[ F:\code\thinkSwoole\application\chat\controller\Msg.php ]
[ info ] [ VIEW ] F:\code\thinkSwoole\public/../application/chat\view\index.html [ array (
  0 => 'id',
) ]
[ info ] [ LOG ] INIT File
---------------------------------------------------------------
[ 2017-11-13T09:46:30+08:00 ] 127.0.0.1 127.0.0.1 GET /api/friends/lists?uid=1&_=1510537590420
[ info ] kefu.test.com/api/friends/lists?uid=1&_=1510537590420 [运行时间：0.285000s][吞吐率：3.51req/s] [内存消耗：2,738.73kb] [文件加载：45]
[ info ] [ LANG ] F:\code\thinkSwoole\thinkphp\lang\zh-cn.php
[ info ] [ ROUTE ] array (
  'type' => 'module',
  'module' => 
  array (
    0 => 'api',
    1 => 'friends',
    2 => 'lists',
  ),
)
[ info ] [ HEADER ] array (
  'host' => 'kefu.test.com',
  'connection' => 'keep-alive',
  'accept' => 'application/json, text/javascript, */*; q=0.01',
  'x-requested-with' => 'XMLHttpRequest',
  'user-agent' => 'Mozilla/5.0 (Windows NT 6.1; Win64; x64) AppleWebKit/537.36 (KHTML, like Gecko) Chrome/61.0.3163.100 Safari/537.36',
  'referer' => 'http://kefu.test.com/chat/msg/lists',
  'accept-encoding' => 'gzip, deflate',
  'accept-language' => 'zh-CN,zh;q=0.8',
  'cookie' => 'pgv_pvi=1040552960; pgv_si=s4270891008; PHPSESSID=hadubfu8alj49h0a418djcbha5',
)
[ info ] [ PARAM ] array (
  'uid' => '1',
  '_' => '1510537590420',
)
[ info ] [ DB ] INIT mysql
[ info ] [ RUN ] app\api\controller\Friends->lists[ F:\code\thinkSwoole\application\api\controller\Friends.php ]
[ info ] [ LOG ] INIT File
[ sql ] [ DB ] CONNECT:[ UseTime:0.049000s ] mysql:host=119.29.208.229;port=3306;dbname=kefu;charset=utf8mb4
[ sql ] [ SQL ] SHOW COLUMNS FROM `users` [ RunTime:0.049000s ]
[ sql ] [ SQL ] SELECT uid as id,`username`,`account`,`avatar`,`sex`,`age`,`status`,`sign`,`addtime` FROM `users` WHERE  `uid` = 1 LIMIT 1 [ RunTime:0.029000s ]
[ sql ] [ SQL ] SHOW COLUMNS FROM `group` [ RunTime:0.043000s ]
[ sql ] [ SQL ] SELECT * FROM `group` WHERE  `create_uid` = 1 [ RunTime:0.028000s ]
[ sql ] [ SQL ] SHOW COLUMNS FROM `friends` [ RunTime:0.029000s ]
[ sql ] [ SQL ] SELECT `u`.`username`,`u`.`account`,`u`.`avatar`,`u`.`sex`,`u`.`age`,`f`.`group_id`,`f`.`uid`,f.fid as id FROM `friends` `f` INNER JOIN `users` `u` ON `f`.`fid`=`u`.`uid` WHERE  `f`.`uid` = '1' [ RunTime:0.030000s ]
---------------------------------------------------------------
[ 2017-11-13T09:47:15+08:00 ] 127.0.0.1 127.0.0.1 GET /chat/msg/lists
[ info ] kefu.test.com/chat/msg/lists [运行时间：0.026000s][吞吐率：38.46req/s] [内存消耗：2,634.94kb] [文件加载：45]
[ info ] [ LANG ] F:\code\thinkSwoole\thinkphp\lang\zh-cn.php
[ info ] [ ROUTE ] array (
  'type' => 'module',
  'module' => 
  array (
    0 => 'chat',
    1 => 'msg',
    2 => 'lists',
  ),
)
[ info ] [ HEADER ] array (
  'host' => 'kefu.test.com',
  'connection' => 'keep-alive',
  'cache-control' => 'max-age=0',
  'user-agent' => 'Mozilla/5.0 (Windows NT 6.1; Win64; x64) AppleWebKit/537.36 (KHTML, like Gecko) Chrome/61.0.3163.100 Safari/537.36',
  'upgrade-insecure-requests' => '1',
  'accept' => 'text/html,application/xhtml+xml,application/xml;q=0.9,image/webp,image/apng,*/*;q=0.8',
  'accept-encoding' => 'gzip, deflate',
  'accept-language' => 'zh-CN,zh;q=0.8',
  'cookie' => 'pgv_pvi=1040552960; pgv_si=s4270891008; PHPSESSID=hadubfu8alj49h0a418djcbha5',
)
[ info ] [ PARAM ] array (
)
[ info ] [ SESSION ] INIT array (
  'id' => '',
  'var_session_id' => '',
  'prefix' => 'think',
  'type' => '',
  'auto_start' => true,
)
[ info ] [ DB ] INIT mysql
[ info ] [ RUN ] app\chat\controller\Msg->lists[ F:\code\thinkSwoole\application\chat\controller\Msg.php ]
[ info ] [ VIEW ] F:\code\thinkSwoole\public/../application/chat\view\index.html [ array (
  0 => 'id',
) ]
[ info ] [ LOG ] INIT File
---------------------------------------------------------------
[ 2017-11-13T09:47:16+08:00 ] 127.0.0.1 127.0.0.1 GET /api/friends/lists?uid=1&_=1510537635836
[ info ] kefu.test.com/api/friends/lists?uid=1&_=1510537635836 [运行时间：0.233000s][吞吐率：4.29req/s] [内存消耗：2,738.73kb] [文件加载：45]
[ info ] [ LANG ] F:\code\thinkSwoole\thinkphp\lang\zh-cn.php
[ info ] [ ROUTE ] array (
  'type' => 'module',
  'module' => 
  array (
    0 => 'api',
    1 => 'friends',
    2 => 'lists',
  ),
)
[ info ] [ HEADER ] array (
  'host' => 'kefu.test.com',
  'connection' => 'keep-alive',
  'accept' => 'application/json, text/javascript, */*; q=0.01',
  'x-requested-with' => 'XMLHttpRequest',
  'user-agent' => 'Mozilla/5.0 (Windows NT 6.1; Win64; x64) AppleWebKit/537.36 (KHTML, like Gecko) Chrome/61.0.3163.100 Safari/537.36',
  'referer' => 'http://kefu.test.com/chat/msg/lists',
  'accept-encoding' => 'gzip, deflate',
  'accept-language' => 'zh-CN,zh;q=0.8',
  'cookie' => 'pgv_pvi=1040552960; pgv_si=s4270891008; PHPSESSID=hadubfu8alj49h0a418djcbha5',
)
[ info ] [ PARAM ] array (
  'uid' => '1',
  '_' => '1510537635836',
)
[ info ] [ DB ] INIT mysql
[ info ] [ RUN ] app\api\controller\Friends->lists[ F:\code\thinkSwoole\application\api\controller\Friends.php ]
[ info ] [ LOG ] INIT File
[ sql ] [ DB ] CONNECT:[ UseTime:0.035000s ] mysql:host=119.29.208.229;port=3306;dbname=kefu;charset=utf8mb4
[ sql ] [ SQL ] SHOW COLUMNS FROM `users` [ RunTime:0.025000s ]
[ sql ] [ SQL ] SELECT uid as id,`username`,`account`,`avatar`,`sex`,`age`,`status`,`sign`,`addtime` FROM `users` WHERE  `uid` = 1 LIMIT 1 [ RunTime:0.024000s ]
[ sql ] [ SQL ] SHOW COLUMNS FROM `group` [ RunTime:0.027000s ]
[ sql ] [ SQL ] SELECT * FROM `group` WHERE  `create_uid` = 1 [ RunTime:0.033000s ]
[ sql ] [ SQL ] SHOW COLUMNS FROM `friends` [ RunTime:0.028000s ]
[ sql ] [ SQL ] SELECT `u`.`username`,`u`.`account`,`u`.`avatar`,`u`.`sex`,`u`.`age`,`f`.`group_id`,`f`.`uid`,f.fid as id FROM `friends` `f` INNER JOIN `users` `u` ON `f`.`fid`=`u`.`uid` WHERE  `f`.`uid` = '1' [ RunTime:0.027000s ]
---------------------------------------------------------------
[ 2017-11-13T09:47:41+08:00 ] 127.0.0.1 127.0.0.1 GET /chat/msg/lists
[ info ] kefu.test.com/chat/msg/lists [运行时间：0.018000s][吞吐率：55.56req/s] [内存消耗：1,401.61kb] [文件加载：37]
[ info ] [ LANG ] F:\code\thinkSwoole\thinkphp\lang\zh-cn.php
[ info ] [ ROUTE ] array (
  'type' => 'module',
  'module' => 
  array (
    0 => 'chat',
    1 => 'msg',
    2 => 'lists',
  ),
)
[ info ] [ HEADER ] array (
  'host' => 'kefu.test.com',
  'user-agent' => 'Mozilla/5.0 (Windows NT 6.1; Win64; x64; rv:56.0) Gecko/20100101 Firefox/56.0',
  'accept' => 'text/html,application/xhtml+xml,application/xml;q=0.9,*/*;q=0.8',
  'accept-language' => 'zh-CN,zh;q=0.8,en-US;q=0.5,en;q=0.3',
  'accept-encoding' => 'gzip, deflate',
  'connection' => 'keep-alive',
  'upgrade-insecure-requests' => '1',
)
[ info ] [ PARAM ] array (
)
[ info ] [ SESSION ] INIT array (
  'id' => '',
  'var_session_id' => '',
  'prefix' => 'think',
  'type' => '',
  'auto_start' => true,
)
[ info ] [ LOG ] INIT File
---------------------------------------------------------------
[ 2017-11-13T09:47:41+08:00 ] 127.0.0.1 127.0.0.1 GET /chat/account/login
[ info ] kefu.test.com/chat/account/login [运行时间：0.026000s][吞吐率：38.46req/s] [内存消耗：2,487.66kb] [文件加载：43]
[ info ] [ LANG ] F:\code\thinkSwoole\thinkphp\lang\zh-cn.php
[ info ] [ ROUTE ] array (
  'type' => 'module',
  'module' => 
  array (
    0 => 'chat',
    1 => 'account',
    2 => 'login',
  ),
)
[ info ] [ HEADER ] array (
  'host' => 'kefu.test.com',
  'user-agent' => 'Mozilla/5.0 (Windows NT 6.1; Win64; x64; rv:56.0) Gecko/20100101 Firefox/56.0',
  'accept' => 'text/html,application/xhtml+xml,application/xml;q=0.9,*/*;q=0.8',
  'accept-language' => 'zh-CN,zh;q=0.8,en-US;q=0.5,en;q=0.3',
  'accept-encoding' => 'gzip, deflate',
  'cookie' => 'PHPSESSID=11s0e21g2ff4la3cinr48otca3',
  'connection' => 'keep-alive',
  'upgrade-insecure-requests' => '1',
)
[ info ] [ PARAM ] array (
)
[ info ] [ DB ] INIT mysql
[ info ] [ RUN ] app\chat\controller\Account->login[ F:\code\thinkSwoole\application\chat\controller\Account.php ]
[ info ] [ VIEW ] F:\code\thinkSwoole\public/../application/chat\view\login.html [ array (
) ]
[ info ] [ LOG ] INIT File
---------------------------------------------------------------
[ 2017-11-13T09:47:49+08:00 ] 127.0.0.1 127.0.0.1 POST /chat/account/checklogin
[ info ] kefu.test.com/chat/account/checklogin [运行时间：0.317000s][吞吐率：3.15req/s] [内存消耗：2,656.35kb] [文件加载：44]
[ info ] [ LANG ] F:\code\thinkSwoole\thinkphp\lang\zh-cn.php
[ info ] [ ROUTE ] array (
  'type' => 'module',
  'module' => 
  array (
    0 => 'chat',
    1 => 'account',
    2 => 'checklogin',
  ),
)
[ info ] [ HEADER ] array (
  'host' => 'kefu.test.com',
  'user-agent' => 'Mozilla/5.0 (Windows NT 6.1; Win64; x64; rv:56.0) Gecko/20100101 Firefox/56.0',
  'accept' => '*/*',
  'accept-language' => 'zh-CN,zh;q=0.8,en-US;q=0.5,en;q=0.3',
  'accept-encoding' => 'gzip, deflate',
  'content-type' => 'application/x-www-form-urlencoded; charset=UTF-8',
  'x-requested-with' => 'XMLHttpRequest',
  'referer' => 'http://kefu.test.com/chat/account/login',
  'content-length' => '36',
  'cookie' => 'PHPSESSID=11s0e21g2ff4la3cinr48otca3',
  'connection' => 'keep-alive',
)
[ info ] [ PARAM ] array (
  'account' => '18718282714',
  'password' => 'y123456',
)
[ info ] [ DB ] INIT mysql
[ info ] [ RUN ] app\chat\controller\Account->checklogin[ F:\code\thinkSwoole\application\chat\controller\Account.php ]
[ info ] [ SESSION ] INIT array (
  'id' => '',
  'var_session_id' => '',
  'prefix' => 'think',
  'type' => '',
  'auto_start' => true,
)
[ info ] [ LOG ] INIT File
[ sql ] [ DB ] CONNECT:[ UseTime:0.029000s ] mysql:host=119.29.208.229;port=3306;dbname=kefu;charset=utf8mb4
[ sql ] [ SQL ] SHOW COLUMNS FROM `users` [ RunTime:0.021000s ]
[ sql ] [ SQL ] SELECT uid as id,`username`,`account`,`avatar`,`sex`,`age`,`status`,`sign`,`addtime` FROM `users` WHERE  `account` = 18718282714  AND `password` = 'y123456' LIMIT 1 [ RunTime:0.244000s ]
---------------------------------------------------------------
[ 2017-11-13T09:47:49+08:00 ] 127.0.0.1 127.0.0.1 GET /chat/msg/lists
[ info ] kefu.test.com/chat/msg/lists [运行时间：0.022000s][吞吐率：45.45req/s] [内存消耗：2,633.84kb] [文件加载：45]
[ info ] [ LANG ] F:\code\thinkSwoole\thinkphp\lang\zh-cn.php
[ info ] [ ROUTE ] array (
  'type' => 'module',
  'module' => 
  array (
    0 => 'chat',
    1 => 'msg',
    2 => 'lists',
  ),
)
[ info ] [ HEADER ] array (
  'host' => 'kefu.test.com',
  'user-agent' => 'Mozilla/5.0 (Windows NT 6.1; Win64; x64; rv:56.0) Gecko/20100101 Firefox/56.0',
  'accept' => 'text/html,application/xhtml+xml,application/xml;q=0.9,*/*;q=0.8',
  'accept-language' => 'zh-CN,zh;q=0.8,en-US;q=0.5,en;q=0.3',
  'accept-encoding' => 'gzip, deflate',
  'referer' => 'http://kefu.test.com/chat/account/login',
  'cookie' => 'PHPSESSID=11s0e21g2ff4la3cinr48otca3',
  'connection' => 'keep-alive',
  'upgrade-insecure-requests' => '1',
)
[ info ] [ PARAM ] array (
)
[ info ] [ SESSION ] INIT array (
  'id' => '',
  'var_session_id' => '',
  'prefix' => 'think',
  'type' => '',
  'auto_start' => true,
)
[ info ] [ DB ] INIT mysql
[ info ] [ RUN ] app\chat\controller\Msg->lists[ F:\code\thinkSwoole\application\chat\controller\Msg.php ]
[ info ] [ VIEW ] F:\code\thinkSwoole\public/../application/chat\view\index.html [ array (
  0 => 'id',
) ]
[ info ] [ LOG ] INIT File
---------------------------------------------------------------
[ 2017-11-13T09:47:50+08:00 ] 127.0.0.1 127.0.0.1 GET /api/friends/lists?uid=2&_=1510537669776
[ info ] kefu.test.com/api/friends/lists?uid=2&_=1510537669776 [运行时间：0.212000s][吞吐率：4.72req/s] [内存消耗：2,738.41kb] [文件加载：45]
[ info ] [ LANG ] F:\code\thinkSwoole\thinkphp\lang\zh-cn.php
[ info ] [ ROUTE ] array (
  'type' => 'module',
  'module' => 
  array (
    0 => 'api',
    1 => 'friends',
    2 => 'lists',
  ),
)
[ info ] [ HEADER ] array (
  'host' => 'kefu.test.com',
  'user-agent' => 'Mozilla/5.0 (Windows NT 6.1; Win64; x64; rv:56.0) Gecko/20100101 Firefox/56.0',
  'accept' => 'application/json, text/javascript, */*; q=0.01',
  'accept-language' => 'zh-CN,zh;q=0.8,en-US;q=0.5,en;q=0.3',
  'accept-encoding' => 'gzip, deflate',
  'x-requested-with' => 'XMLHttpRequest',
  'referer' => 'http://kefu.test.com/chat/msg/lists',
  'cookie' => 'PHPSESSID=11s0e21g2ff4la3cinr48otca3',
  'connection' => 'keep-alive',
)
[ info ] [ PARAM ] array (
  'uid' => '2',
  '_' => '1510537669776',
)
[ info ] [ DB ] INIT mysql
[ info ] [ RUN ] app\api\controller\Friends->lists[ F:\code\thinkSwoole\application\api\controller\Friends.php ]
[ info ] [ LOG ] INIT File
[ sql ] [ DB ] CONNECT:[ UseTime:0.029000s ] mysql:host=119.29.208.229;port=3306;dbname=kefu;charset=utf8mb4
[ sql ] [ SQL ] SHOW COLUMNS FROM `users` [ RunTime:0.022000s ]
[ sql ] [ SQL ] SELECT uid as id,`username`,`account`,`avatar`,`sex`,`age`,`status`,`sign`,`addtime` FROM `users` WHERE  `uid` = 2 LIMIT 1 [ RunTime:0.026000s ]
[ sql ] [ SQL ] SHOW COLUMNS FROM `group` [ RunTime:0.027000s ]
[ sql ] [ SQL ] SELECT * FROM `group` WHERE  `create_uid` = 2 [ RunTime:0.029000s ]
[ sql ] [ SQL ] SHOW COLUMNS FROM `friends` [ RunTime:0.028000s ]
[ sql ] [ SQL ] SELECT `u`.`username`,`u`.`account`,`u`.`avatar`,`u`.`sex`,`u`.`age`,`f`.`group_id`,`f`.`uid`,f.fid as id FROM `friends` `f` INNER JOIN `users` `u` ON `f`.`fid`=`u`.`uid` WHERE  `f`.`uid` = '2' [ RunTime:0.026000s ]
---------------------------------------------------------------
[ 2017-11-13T09:48:55+08:00 ] 127.0.0.1 127.0.0.1 POST /api/msg/put
[ info ] kefu.test.com/api/msg/put [运行时间：0.035000s][吞吐率：28.57req/s] [内存消耗：2,689.52kb] [文件加载：45]
[ info ] [ LANG ] F:\code\thinkSwoole\thinkphp\lang\zh-cn.php
[ info ] [ ROUTE ] array (
  'type' => 'module',
  'module' => 
  array (
    0 => 'api',
    1 => 'msg',
    2 => 'put',
  ),
)
[ info ] [ HEADER ] array (
  'host' => 'kefu.test.com',
  'user-agent' => 'Mozilla/5.0 (Windows NT 6.1; Win64; x64; rv:56.0) Gecko/20100101 Firefox/56.0',
  'accept' => 'text/html,application/xhtml+xml,application/xml;q=0.9,*/*;q=0.8',
  'accept-language' => 'zh-CN,zh;q=0.8,en-US;q=0.5,en;q=0.3',
  'accept-encoding' => 'gzip, deflate',
  'content-type' => 'multipart/form-data; boundary=---------------------------146131570320655',
  'content-length' => '345703',
  'referer' => 'http://kefu.test.com/chat/msg/lists',
  'cookie' => 'PHPSESSID=11s0e21g2ff4la3cinr48otca3',
  'connection' => 'keep-alive',
  'upgrade-insecure-requests' => '1',
)
[ info ] [ PARAM ] array (
)
[ info ] [ DB ] INIT mysql
[ info ] [ RUN ] app\api\controller\Msg->put[ F:\code\thinkSwoole\application\api\controller\Msg.php ]
[ info ] [ LOG ] INIT File
---------------------------------------------------------------
[ 2017-11-13T09:49:13+08:00 ] 127.0.0.1 127.0.0.1 POST /api/msg/put
[ info ] kefu.test.com/api/msg/put [运行时间：0.030000s][吞吐率：33.33req/s] [内存消耗：2,689.87kb] [文件加载：45]
[ info ] [ LANG ] F:\code\thinkSwoole\thinkphp\lang\zh-cn.php
[ info ] [ ROUTE ] array (
  'type' => 'module',
  'module' => 
  array (
    0 => 'api',
    1 => 'msg',
    2 => 'put',
  ),
)
[ info ] [ HEADER ] array (
  'host' => 'kefu.test.com',
  'connection' => 'keep-alive',
  'content-length' => '1684589',
  'cache-control' => 'max-age=0',
  'origin' => 'http://kefu.test.com',
  'upgrade-insecure-requests' => '1',
  'content-type' => 'multipart/form-data; boundary=----WebKitFormBoundaryONYiom4fnn6UXwZV',
  'user-agent' => 'Mozilla/5.0 (Windows NT 6.1; Win64; x64) AppleWebKit/537.36 (KHTML, like Gecko) Chrome/61.0.3163.100 Safari/537.36',
  'accept' => 'text/html,application/xhtml+xml,application/xml;q=0.9,image/webp,image/apng,*/*;q=0.8',
  'referer' => 'http://kefu.test.com/chat/msg/lists',
  'accept-encoding' => 'gzip, deflate',
  'accept-language' => 'zh-CN,zh;q=0.8',
  'cookie' => 'pgv_pvi=1040552960; pgv_si=s4270891008; PHPSESSID=hadubfu8alj49h0a418djcbha5',
)
[ info ] [ PARAM ] array (
)
[ info ] [ DB ] INIT mysql
[ info ] [ RUN ] app\api\controller\Msg->put[ F:\code\thinkSwoole\application\api\controller\Msg.php ]
[ info ] [ LOG ] INIT File
---------------------------------------------------------------
[ 2017-11-13T10:19:19+08:00 ] 127.0.0.1 127.0.0.1 GET /chat/msg/lists
[ info ] kefu.test.com/chat/msg/lists [运行时间：0.029000s][吞吐率：34.48req/s] [内存消耗：2,634.94kb] [文件加载：45]
[ info ] [ LANG ] F:\code\thinkSwoole\thinkphp\lang\zh-cn.php
[ info ] [ ROUTE ] array (
  'type' => 'module',
  'module' => 
  array (
    0 => 'chat',
    1 => 'msg',
    2 => 'lists',
  ),
)
[ info ] [ HEADER ] array (
  'host' => 'kefu.test.com',
  'connection' => 'keep-alive',
  'cache-control' => 'max-age=0',
  'user-agent' => 'Mozilla/5.0 (Windows NT 6.1; Win64; x64) AppleWebKit/537.36 (KHTML, like Gecko) Chrome/61.0.3163.100 Safari/537.36',
  'upgrade-insecure-requests' => '1',
  'accept' => 'text/html,application/xhtml+xml,application/xml;q=0.9,image/webp,image/apng,*/*;q=0.8',
  'accept-encoding' => 'gzip, deflate',
  'accept-language' => 'zh-CN,zh;q=0.8',
  'cookie' => 'pgv_pvi=1040552960; pgv_si=s4270891008; PHPSESSID=hadubfu8alj49h0a418djcbha5',
)
[ info ] [ PARAM ] array (
)
[ info ] [ SESSION ] INIT array (
  'id' => '',
  'var_session_id' => '',
  'prefix' => 'think',
  'type' => '',
  'auto_start' => true,
)
[ info ] [ DB ] INIT mysql
[ info ] [ RUN ] app\chat\controller\Msg->lists[ F:\code\thinkSwoole\application\chat\controller\Msg.php ]
[ info ] [ VIEW ] F:\code\thinkSwoole\public/../application/chat\view\index.html [ array (
  0 => 'id',
) ]
[ info ] [ LOG ] INIT File
---------------------------------------------------------------
[ 2017-11-13T10:19:19+08:00 ] 127.0.0.1 127.0.0.1 GET /api/friends/lists?uid=1&_=1510539559229
[ info ] kefu.test.com/api/friends/lists?uid=1&_=1510539559229 [运行时间：0.231000s][吞吐率：4.33req/s] [内存消耗：2,738.73kb] [文件加载：45]
[ info ] [ LANG ] F:\code\thinkSwoole\thinkphp\lang\zh-cn.php
[ info ] [ ROUTE ] array (
  'type' => 'module',
  'module' => 
  array (
    0 => 'api',
    1 => 'friends',
    2 => 'lists',
  ),
)
[ info ] [ HEADER ] array (
  'host' => 'kefu.test.com',
  'connection' => 'keep-alive',
  'accept' => 'application/json, text/javascript, */*; q=0.01',
  'x-requested-with' => 'XMLHttpRequest',
  'user-agent' => 'Mozilla/5.0 (Windows NT 6.1; Win64; x64) AppleWebKit/537.36 (KHTML, like Gecko) Chrome/61.0.3163.100 Safari/537.36',
  'referer' => 'http://kefu.test.com/chat/msg/lists',
  'accept-encoding' => 'gzip, deflate',
  'accept-language' => 'zh-CN,zh;q=0.8',
  'cookie' => 'pgv_pvi=1040552960; pgv_si=s4270891008; PHPSESSID=hadubfu8alj49h0a418djcbha5',
)
[ info ] [ PARAM ] array (
  'uid' => '1',
  '_' => '1510539559229',
)
[ info ] [ DB ] INIT mysql
[ info ] [ RUN ] app\api\controller\Friends->lists[ F:\code\thinkSwoole\application\api\controller\Friends.php ]
[ info ] [ LOG ] INIT File
[ sql ] [ DB ] CONNECT:[ UseTime:0.040000s ] mysql:host=119.29.208.229;port=3306;dbname=kefu;charset=utf8mb4
[ sql ] [ SQL ] SHOW COLUMNS FROM `users` [ RunTime:0.024000s ]
[ sql ] [ SQL ] SELECT uid as id,`username`,`account`,`avatar`,`sex`,`age`,`status`,`sign`,`addtime` FROM `users` WHERE  `uid` = 1 LIMIT 1 [ RunTime:0.026000s ]
[ sql ] [ SQL ] SHOW COLUMNS FROM `group` [ RunTime:0.032000s ]
[ sql ] [ SQL ] SELECT * FROM `group` WHERE  `create_uid` = 1 [ RunTime:0.030000s ]
[ sql ] [ SQL ] SHOW COLUMNS FROM `friends` [ RunTime:0.027000s ]
[ sql ] [ SQL ] SELECT `u`.`username`,`u`.`account`,`u`.`avatar`,`u`.`sex`,`u`.`age`,`f`.`group_id`,`f`.`uid`,f.fid as id FROM `friends` `f` INNER JOIN `users` `u` ON `f`.`fid`=`u`.`uid` WHERE  `f`.`uid` = '1' [ RunTime:0.027000s ]
---------------------------------------------------------------
[ 2017-11-13T10:20:52+08:00 ] 127.0.0.1 127.0.0.1 GET /chat/msg/lists
[ info ] kefu.test.com/chat/msg/lists [运行时间：0.028000s][吞吐率：35.71req/s] [内存消耗：2,634.94kb] [文件加载：45]
[ info ] [ LANG ] F:\code\thinkSwoole\thinkphp\lang\zh-cn.php
[ info ] [ ROUTE ] array (
  'type' => 'module',
  'module' => 
  array (
    0 => 'chat',
    1 => 'msg',
    2 => 'lists',
  ),
)
[ info ] [ HEADER ] array (
  'host' => 'kefu.test.com',
  'connection' => 'keep-alive',
  'cache-control' => 'max-age=0',
  'user-agent' => 'Mozilla/5.0 (Windows NT 6.1; Win64; x64) AppleWebKit/537.36 (KHTML, like Gecko) Chrome/61.0.3163.100 Safari/537.36',
  'upgrade-insecure-requests' => '1',
  'accept' => 'text/html,application/xhtml+xml,application/xml;q=0.9,image/webp,image/apng,*/*;q=0.8',
  'accept-encoding' => 'gzip, deflate',
  'accept-language' => 'zh-CN,zh;q=0.8',
  'cookie' => 'pgv_pvi=1040552960; pgv_si=s4270891008; PHPSESSID=hadubfu8alj49h0a418djcbha5',
)
[ info ] [ PARAM ] array (
)
[ info ] [ SESSION ] INIT array (
  'id' => '',
  'var_session_id' => '',
  'prefix' => 'think',
  'type' => '',
  'auto_start' => true,
)
[ info ] [ DB ] INIT mysql
[ info ] [ RUN ] app\chat\controller\Msg->lists[ F:\code\thinkSwoole\application\chat\controller\Msg.php ]
[ info ] [ VIEW ] F:\code\thinkSwoole\public/../application/chat\view\index.html [ array (
  0 => 'id',
) ]
[ info ] [ LOG ] INIT File
---------------------------------------------------------------
[ 2017-11-13T10:20:53+08:00 ] 127.0.0.1 127.0.0.1 GET /api/friends/lists?uid=1&_=1510539652727
[ info ] kefu.test.com/api/friends/lists?uid=1&_=1510539652727 [运行时间：0.242000s][吞吐率：4.13req/s] [内存消耗：2,738.73kb] [文件加载：45]
[ info ] [ LANG ] F:\code\thinkSwoole\thinkphp\lang\zh-cn.php
[ info ] [ ROUTE ] array (
  'type' => 'module',
  'module' => 
  array (
    0 => 'api',
    1 => 'friends',
    2 => 'lists',
  ),
)
[ info ] [ HEADER ] array (
  'host' => 'kefu.test.com',
  'connection' => 'keep-alive',
  'accept' => 'application/json, text/javascript, */*; q=0.01',
  'x-requested-with' => 'XMLHttpRequest',
  'user-agent' => 'Mozilla/5.0 (Windows NT 6.1; Win64; x64) AppleWebKit/537.36 (KHTML, like Gecko) Chrome/61.0.3163.100 Safari/537.36',
  'referer' => 'http://kefu.test.com/chat/msg/lists',
  'accept-encoding' => 'gzip, deflate',
  'accept-language' => 'zh-CN,zh;q=0.8',
  'cookie' => 'pgv_pvi=1040552960; pgv_si=s4270891008; PHPSESSID=hadubfu8alj49h0a418djcbha5',
)
[ info ] [ PARAM ] array (
  'uid' => '1',
  '_' => '1510539652727',
)
[ info ] [ DB ] INIT mysql
[ info ] [ RUN ] app\api\controller\Friends->lists[ F:\code\thinkSwoole\application\api\controller\Friends.php ]
[ info ] [ LOG ] INIT File
[ sql ] [ DB ] CONNECT:[ UseTime:0.041000s ] mysql:host=119.29.208.229;port=3306;dbname=kefu;charset=utf8mb4
[ sql ] [ SQL ] SHOW COLUMNS FROM `users` [ RunTime:0.025000s ]
[ sql ] [ SQL ] SELECT uid as id,`username`,`account`,`avatar`,`sex`,`age`,`status`,`sign`,`addtime` FROM `users` WHERE  `uid` = 1 LIMIT 1 [ RunTime:0.029000s ]
[ sql ] [ SQL ] SHOW COLUMNS FROM `group` [ RunTime:0.035000s ]
[ sql ] [ SQL ] SELECT * FROM `group` WHERE  `create_uid` = 1 [ RunTime:0.027000s ]
[ sql ] [ SQL ] SHOW COLUMNS FROM `friends` [ RunTime:0.031000s ]
[ sql ] [ SQL ] SELECT `u`.`username`,`u`.`account`,`u`.`avatar`,`u`.`sex`,`u`.`age`,`f`.`group_id`,`f`.`uid`,f.fid as id FROM `friends` `f` INNER JOIN `users` `u` ON `f`.`fid`=`u`.`uid` WHERE  `f`.`uid` = '1' [ RunTime:0.027000s ]
---------------------------------------------------------------
[ 2017-11-13T10:20:59+08:00 ] 127.0.0.1 127.0.0.1 GET /chat/msg/lists
[ info ] kefu.test.com/chat/msg/lists [运行时间：0.023000s][吞吐率：43.48req/s] [内存消耗：2,633.30kb] [文件加载：45]
[ info ] [ LANG ] F:\code\thinkSwoole\thinkphp\lang\zh-cn.php
[ info ] [ ROUTE ] array (
  'type' => 'module',
  'module' => 
  array (
    0 => 'chat',
    1 => 'msg',
    2 => 'lists',
  ),
)
[ info ] [ HEADER ] array (
  'host' => 'kefu.test.com',
  'user-agent' => 'Mozilla/5.0 (Windows NT 6.1; Win64; x64; rv:56.0) Gecko/20100101 Firefox/56.0',
  'accept' => 'text/html,application/xhtml+xml,application/xml;q=0.9,*/*;q=0.8',
  'accept-language' => 'zh-CN,zh;q=0.8,en-US;q=0.5,en;q=0.3',
  'accept-encoding' => 'gzip, deflate',
  'cookie' => 'PHPSESSID=11s0e21g2ff4la3cinr48otca3',
  'connection' => 'keep-alive',
  'upgrade-insecure-requests' => '1',
)
[ info ] [ PARAM ] array (
)
[ info ] [ SESSION ] INIT array (
  'id' => '',
  'var_session_id' => '',
  'prefix' => 'think',
  'type' => '',
  'auto_start' => true,
)
[ info ] [ DB ] INIT mysql
[ info ] [ RUN ] app\chat\controller\Msg->lists[ F:\code\thinkSwoole\application\chat\controller\Msg.php ]
[ info ] [ VIEW ] F:\code\thinkSwoole\public/../application/chat\view\index.html [ array (
  0 => 'id',
) ]
[ info ] [ LOG ] INIT File
---------------------------------------------------------------
[ 2017-11-13T10:21:00+08:00 ] 127.0.0.1 127.0.0.1 GET /api/friends/lists?uid=2&_=1510539659879
[ info ] kefu.test.com/api/friends/lists?uid=2&_=1510539659879 [运行时间：0.220000s][吞吐率：4.55req/s] [内存消耗：2,738.41kb] [文件加载：45]
[ info ] [ LANG ] F:\code\thinkSwoole\thinkphp\lang\zh-cn.php
[ info ] [ ROUTE ] array (
  'type' => 'module',
  'module' => 
  array (
    0 => 'api',
    1 => 'friends',
    2 => 'lists',
  ),
)
[ info ] [ HEADER ] array (
  'host' => 'kefu.test.com',
  'user-agent' => 'Mozilla/5.0 (Windows NT 6.1; Win64; x64; rv:56.0) Gecko/20100101 Firefox/56.0',
  'accept' => 'application/json, text/javascript, */*; q=0.01',
  'accept-language' => 'zh-CN,zh;q=0.8,en-US;q=0.5,en;q=0.3',
  'accept-encoding' => 'gzip, deflate',
  'x-requested-with' => 'XMLHttpRequest',
  'referer' => 'http://kefu.test.com/chat/msg/lists',
  'cookie' => 'PHPSESSID=11s0e21g2ff4la3cinr48otca3',
  'connection' => 'keep-alive',
)
[ info ] [ PARAM ] array (
  'uid' => '2',
  '_' => '1510539659879',
)
[ info ] [ DB ] INIT mysql
[ info ] [ RUN ] app\api\controller\Friends->lists[ F:\code\thinkSwoole\application\api\controller\Friends.php ]
[ info ] [ LOG ] INIT File
[ sql ] [ DB ] CONNECT:[ UseTime:0.038000s ] mysql:host=119.29.208.229;port=3306;dbname=kefu;charset=utf8mb4
[ sql ] [ SQL ] SHOW COLUMNS FROM `users` [ RunTime:0.023000s ]
[ sql ] [ SQL ] SELECT uid as id,`username`,`account`,`avatar`,`sex`,`age`,`status`,`sign`,`addtime` FROM `users` WHERE  `uid` = 2 LIMIT 1 [ RunTime:0.024000s ]
[ sql ] [ SQL ] SHOW COLUMNS FROM `group` [ RunTime:0.024000s ]
[ sql ] [ SQL ] SELECT * FROM `group` WHERE  `create_uid` = 2 [ RunTime:0.028000s ]
[ sql ] [ SQL ] SHOW COLUMNS FROM `friends` [ RunTime:0.027000s ]
[ sql ] [ SQL ] SELECT `u`.`username`,`u`.`account`,`u`.`avatar`,`u`.`sex`,`u`.`age`,`f`.`group_id`,`f`.`uid`,f.fid as id FROM `friends` `f` INNER JOIN `users` `u` ON `f`.`fid`=`u`.`uid` WHERE  `f`.`uid` = '2' [ RunTime:0.027000s ]
---------------------------------------------------------------
[ 2017-11-13T10:39:42+08:00 ] 127.0.0.1 127.0.0.1 GET /
[ info ] kefu.test.com/ [运行时间：0.023000s][吞吐率：43.48req/s] [内存消耗：1,539.18kb] [文件加载：37]
[ info ] [ LANG ] F:\code\thinkSwoole\thinkphp\lang\zh-cn.php
[ info ] [ ROUTE ] array (
  'type' => 'module',
  'module' => 
  array (
    0 => '',
    1 => NULL,
    2 => NULL,
  ),
)
[ info ] [ HEADER ] array (
  'host' => 'kefu.test.com',
  'connection' => 'keep-alive',
  'user-agent' => 'Mozilla/5.0 (Windows NT 6.1; Win64; x64) AppleWebKit/537.36 (KHTML, like Gecko) Chrome/61.0.3163.100 Safari/537.36',
  'upgrade-insecure-requests' => '1',
  'accept' => 'text/html,application/xhtml+xml,application/xml;q=0.9,image/webp,image/apng,*/*;q=0.8',
  'accept-encoding' => 'gzip, deflate',
  'accept-language' => 'zh-CN,zh;q=0.8',
  'cookie' => 'pgv_pvi=1040552960; pgv_si=s4270891008; PHPSESSID=hadubfu8alj49h0a418djcbha5',
)
[ info ] [ PARAM ] array (
)
[ info ] [ RUN ] app\index\controller\Index->index[ F:\code\thinkSwoole\application\index\controller\Index.php ]
[ info ] [ VIEW ] F:\code\thinkSwoole\public/../application/index\view\websocket_test.html [ array (
) ]
[ info ] [ LOG ] INIT File
---------------------------------------------------------------
[ 2017-11-13T10:40:05+08:00 ] 127.0.0.1 127.0.0.1 GET /
[ info ] kefu.test.com/ [运行时间：0.016000s][吞吐率：62.50req/s] [内存消耗：1,383.50kb] [文件加载：35]
[ info ] [ LANG ] F:\code\thinkSwoole\thinkphp\lang\zh-cn.php
[ info ] [ ROUTE ] array (
  'type' => 'module',
  'module' => 
  array (
    0 => '',
    1 => NULL,
    2 => NULL,
  ),
)
[ info ] [ HEADER ] array (
  'host' => 'kefu.test.com',
  'connection' => 'keep-alive',
  'cache-control' => 'max-age=0',
  'user-agent' => 'Mozilla/5.0 (Windows NT 6.1; Win64; x64) AppleWebKit/537.36 (KHTML, like Gecko) Chrome/61.0.3163.100 Safari/537.36',
  'upgrade-insecure-requests' => '1',
  'accept' => 'text/html,application/xhtml+xml,application/xml;q=0.9,image/webp,image/apng,*/*;q=0.8',
  'accept-encoding' => 'gzip, deflate',
  'accept-language' => 'zh-CN,zh;q=0.8',
  'cookie' => 'pgv_pvi=1040552960; pgv_si=s4270891008; PHPSESSID=hadubfu8alj49h0a418djcbha5',
)
[ info ] [ PARAM ] array (
)
[ info ] [ RUN ] app\index\controller\Index->index[ F:\code\thinkSwoole\application\index\controller\Index.php ]
[ info ] [ VIEW ] F:\code\thinkSwoole\public/../application/index\view\websocket_test.html [ array (
) ]
[ info ] [ LOG ] INIT File
---------------------------------------------------------------
[ 2017-11-13T10:40:12+08:00 ] 127.0.0.1 127.0.0.1 GET /
[ info ] kefu.test.com/ [运行时间：0.032000s][吞吐率：31.25req/s] [内存消耗：1,383.50kb] [文件加载：35]
[ info ] [ LANG ] F:\code\thinkSwoole\thinkphp\lang\zh-cn.php
[ info ] [ ROUTE ] array (
  'type' => 'module',
  'module' => 
  array (
    0 => '',
    1 => NULL,
    2 => NULL,
  ),
)
[ info ] [ HEADER ] array (
  'host' => 'kefu.test.com',
  'connection' => 'keep-alive',
  'cache-control' => 'max-age=0',
  'user-agent' => 'Mozilla/5.0 (Windows NT 6.1; Win64; x64) AppleWebKit/537.36 (KHTML, like Gecko) Chrome/61.0.3163.100 Safari/537.36',
  'upgrade-insecure-requests' => '1',
  'accept' => 'text/html,application/xhtml+xml,application/xml;q=0.9,image/webp,image/apng,*/*;q=0.8',
  'accept-encoding' => 'gzip, deflate',
  'accept-language' => 'zh-CN,zh;q=0.8',
  'cookie' => 'pgv_pvi=1040552960; pgv_si=s4270891008; PHPSESSID=hadubfu8alj49h0a418djcbha5',
)
[ info ] [ PARAM ] array (
)
[ info ] [ RUN ] app\index\controller\Index->index[ F:\code\thinkSwoole\application\index\controller\Index.php ]
[ info ] [ VIEW ] F:\code\thinkSwoole\public/../application/index\view\websocket_test.html [ array (
) ]
[ info ] [ LOG ] INIT File
---------------------------------------------------------------
[ 2017-11-13T10:40:19+08:00 ] 127.0.0.1 127.0.0.1 GET /chat/account/login
[ info ] kefu.test.com/chat/account/login [运行时间：0.044000s][吞吐率：22.73req/s] [内存消耗：2,722.96kb] [文件加载：45]
[ info ] [ LANG ] F:\code\thinkSwoole\thinkphp\lang\zh-cn.php
[ info ] [ ROUTE ] array (
  'type' => 'module',
  'module' => 
  array (
    0 => 'chat',
    1 => 'account',
    2 => 'login',
  ),
)
[ info ] [ HEADER ] array (
  'host' => 'kefu.test.com',
  'connection' => 'keep-alive',
  'user-agent' => 'Mozilla/5.0 (Windows NT 6.1; Win64; x64) AppleWebKit/537.36 (KHTML, like Gecko) Chrome/61.0.3163.100 Safari/537.36',
  'upgrade-insecure-requests' => '1',
  'accept' => 'text/html,application/xhtml+xml,application/xml;q=0.9,image/webp,image/apng,*/*;q=0.8',
  'accept-encoding' => 'gzip, deflate',
  'accept-language' => 'zh-CN,zh;q=0.8',
  'cookie' => 'pgv_pvi=1040552960; pgv_si=s4270891008; PHPSESSID=hadubfu8alj49h0a418djcbha5',
)
[ info ] [ PARAM ] array (
)
[ info ] [ DB ] INIT mysql
[ info ] [ RUN ] app\chat\controller\Account->login[ F:\code\thinkSwoole\application\chat\controller\Account.php ]
[ info ] [ VIEW ] F:\code\thinkSwoole\public/../application/chat\view\login.html [ array (
) ]
[ info ] [ LOG ] INIT File
---------------------------------------------------------------
[ 2017-11-13T10:40:19+08:00 ] 127.0.0.1 127.0.0.1 GET /static/css/login.css.map
[ info ] kefu.test.com/static/css/login.css.map [运行时间：0.013000s][吞吐率：76.92req/s] [内存消耗：1,130.38kb] [文件加载：30]
[ info ] [ LANG ] F:\code\thinkSwoole\thinkphp\lang\zh-cn.php
[ info ] [ ROUTE ] array (
  'type' => 'module',
  'module' => 
  array (
    0 => 'static',
    1 => 'css',
    2 => 'login.css.map',
  ),
)
[ info ] [ HEADER ] array (
  'host' => 'kefu.test.com',
  'connection' => 'keep-alive',
  'user-agent' => 'Mozilla/5.0 (Windows NT 6.1; Win64; x64) AppleWebKit/537.36 (KHTML, like Gecko) Chrome/61.0.3163.100 Safari/537.36',
  'accept-encoding' => 'gzip, deflate',
  'accept-language' => 'zh-CN,zh;q=0.8',
  'cookie' => 'pgv_pvi=1040552960; pgv_si=s4270891008; PHPSESSID=hadubfu8alj49h0a418djcbha5',
)
[ info ] [ PARAM ] array (
)
[ info ] [ LOG ] INIT File
---------------------------------------------------------------
[ 2017-11-13T10:40:28+08:00 ] 127.0.0.1 127.0.0.1 GET /chat/account/login
[ info ] kefu.test.com/chat/account/login [运行时间：0.032000s][吞吐率：31.25req/s] [内存消耗：2,723.35kb] [文件加载：45]
[ info ] [ LANG ] F:\code\thinkSwoole\thinkphp\lang\zh-cn.php
[ info ] [ ROUTE ] array (
  'type' => 'module',
  'module' => 
  array (
    0 => 'chat',
    1 => 'account',
    2 => 'login',
  ),
)
[ info ] [ HEADER ] array (
  'host' => 'kefu.test.com',
  'connection' => 'keep-alive',
  'cache-control' => 'max-age=0',
  'user-agent' => 'Mozilla/5.0 (Windows NT 6.1; Win64; x64) AppleWebKit/537.36 (KHTML, like Gecko) Chrome/61.0.3163.100 Safari/537.36',
  'upgrade-insecure-requests' => '1',
  'accept' => 'text/html,application/xhtml+xml,application/xml;q=0.9,image/webp,image/apng,*/*;q=0.8',
  'accept-encoding' => 'gzip, deflate',
  'accept-language' => 'zh-CN,zh;q=0.8',
  'cookie' => 'pgv_pvi=1040552960; pgv_si=s4270891008; PHPSESSID=hadubfu8alj49h0a418djcbha5',
)
[ info ] [ PARAM ] array (
)
[ info ] [ DB ] INIT mysql
[ info ] [ RUN ] app\chat\controller\Account->login[ F:\code\thinkSwoole\application\chat\controller\Account.php ]
[ info ] [ VIEW ] F:\code\thinkSwoole\public/../application/chat\view\login.html [ array (
) ]
[ info ] [ LOG ] INIT File
---------------------------------------------------------------
[ 2017-11-13T10:40:28+08:00 ] 127.0.0.1 127.0.0.1 GET /static/css/login.css.map
[ info ] kefu.test.com/static/css/login.css.map [运行时间：0.012000s][吞吐率：83.33req/s] [内存消耗：1,130.38kb] [文件加载：30]
[ info ] [ LANG ] F:\code\thinkSwoole\thinkphp\lang\zh-cn.php
[ info ] [ ROUTE ] array (
  'type' => 'module',
  'module' => 
  array (
    0 => 'static',
    1 => 'css',
    2 => 'login.css.map',
  ),
)
[ info ] [ HEADER ] array (
  'host' => 'kefu.test.com',
  'connection' => 'keep-alive',
  'user-agent' => 'Mozilla/5.0 (Windows NT 6.1; Win64; x64) AppleWebKit/537.36 (KHTML, like Gecko) Chrome/61.0.3163.100 Safari/537.36',
  'accept-encoding' => 'gzip, deflate',
  'accept-language' => 'zh-CN,zh;q=0.8',
  'cookie' => 'pgv_pvi=1040552960; pgv_si=s4270891008; PHPSESSID=hadubfu8alj49h0a418djcbha5',
)
[ info ] [ PARAM ] array (
)
[ info ] [ LOG ] INIT File
---------------------------------------------------------------
[ 2017-11-13T10:40:47+08:00 ] 127.0.0.1 127.0.0.1 GET /chat/account/login
[ info ] kefu.test.com/chat/account/login [运行时间：0.026000s][吞吐率：38.46req/s] [内存消耗：2,488.77kb] [文件加载：43]
[ info ] [ LANG ] F:\code\thinkSwoole\thinkphp\lang\zh-cn.php
[ info ] [ ROUTE ] array (
  'type' => 'module',
  'module' => 
  array (
    0 => 'chat',
    1 => 'account',
    2 => 'login',
  ),
)
[ info ] [ HEADER ] array (
  'host' => 'kefu.test.com',
  'connection' => 'keep-alive',
  'cache-control' => 'max-age=0',
  'user-agent' => 'Mozilla/5.0 (Windows NT 6.1; Win64; x64) AppleWebKit/537.36 (KHTML, like Gecko) Chrome/61.0.3163.100 Safari/537.36',
  'upgrade-insecure-requests' => '1',
  'accept' => 'text/html,application/xhtml+xml,application/xml;q=0.9,image/webp,image/apng,*/*;q=0.8',
  'accept-encoding' => 'gzip, deflate',
  'accept-language' => 'zh-CN,zh;q=0.8',
  'cookie' => 'pgv_pvi=1040552960; pgv_si=s4270891008; PHPSESSID=hadubfu8alj49h0a418djcbha5',
)
[ info ] [ PARAM ] array (
)
[ info ] [ DB ] INIT mysql
[ info ] [ RUN ] app\chat\controller\Account->login[ F:\code\thinkSwoole\application\chat\controller\Account.php ]
[ info ] [ VIEW ] F:\code\thinkSwoole\public/../application/chat\view\login.html [ array (
) ]
[ info ] [ LOG ] INIT File
---------------------------------------------------------------
[ 2017-11-13T10:40:47+08:00 ] 127.0.0.1 127.0.0.1 GET /static/css/login.css.map
[ info ] kefu.test.com/static/css/login.css.map [运行时间：0.015000s][吞吐率：66.67req/s] [内存消耗：1,130.38kb] [文件加载：30]
[ info ] [ LANG ] F:\code\thinkSwoole\thinkphp\lang\zh-cn.php
[ info ] [ ROUTE ] array (
  'type' => 'module',
  'module' => 
  array (
    0 => 'static',
    1 => 'css',
    2 => 'login.css.map',
  ),
)
[ info ] [ HEADER ] array (
  'host' => 'kefu.test.com',
  'connection' => 'keep-alive',
  'user-agent' => 'Mozilla/5.0 (Windows NT 6.1; Win64; x64) AppleWebKit/537.36 (KHTML, like Gecko) Chrome/61.0.3163.100 Safari/537.36',
  'accept-encoding' => 'gzip, deflate',
  'accept-language' => 'zh-CN,zh;q=0.8',
  'cookie' => 'pgv_pvi=1040552960; pgv_si=s4270891008; PHPSESSID=hadubfu8alj49h0a418djcbha5',
)
[ info ] [ PARAM ] array (
)
[ info ] [ LOG ] INIT File
---------------------------------------------------------------
[ 2017-11-13T10:42:33+08:00 ] 127.0.0.1 127.0.0.1 GET /chat/account/login
[ info ] kefu.test.com/chat/account/login [运行时间：0.044000s][吞吐率：22.73req/s] [内存消耗：2,488.77kb] [文件加载：43]
[ info ] [ LANG ] F:\code\thinkSwoole\thinkphp\lang\zh-cn.php
[ info ] [ ROUTE ] array (
  'type' => 'module',
  'module' => 
  array (
    0 => 'chat',
    1 => 'account',
    2 => 'login',
  ),
)
[ info ] [ HEADER ] array (
  'host' => 'kefu.test.com',
  'connection' => 'keep-alive',
  'cache-control' => 'max-age=0',
  'user-agent' => 'Mozilla/5.0 (Windows NT 6.1; Win64; x64) AppleWebKit/537.36 (KHTML, like Gecko) Chrome/61.0.3163.100 Safari/537.36',
  'upgrade-insecure-requests' => '1',
  'accept' => 'text/html,application/xhtml+xml,application/xml;q=0.9,image/webp,image/apng,*/*;q=0.8',
  'accept-encoding' => 'gzip, deflate',
  'accept-language' => 'zh-CN,zh;q=0.8',
  'cookie' => 'pgv_pvi=1040552960; pgv_si=s4270891008; PHPSESSID=hadubfu8alj49h0a418djcbha5',
)
[ info ] [ PARAM ] array (
)
[ info ] [ DB ] INIT mysql
[ info ] [ RUN ] app\chat\controller\Account->login[ F:\code\thinkSwoole\application\chat\controller\Account.php ]
[ info ] [ VIEW ] F:\code\thinkSwoole\public/../application/chat\view\login.html [ array (
) ]
[ info ] [ LOG ] INIT File
---------------------------------------------------------------
[ 2017-11-13T10:42:33+08:00 ] 127.0.0.1 127.0.0.1 GET /static/css/login.css.map
[ info ] kefu.test.com/static/css/login.css.map [运行时间：0.019000s][吞吐率：52.63req/s] [内存消耗：1,130.38kb] [文件加载：30]
[ info ] [ LANG ] F:\code\thinkSwoole\thinkphp\lang\zh-cn.php
[ info ] [ ROUTE ] array (
  'type' => 'module',
  'module' => 
  array (
    0 => 'static',
    1 => 'css',
    2 => 'login.css.map',
  ),
)
[ info ] [ HEADER ] array (
  'host' => 'kefu.test.com',
  'connection' => 'keep-alive',
  'user-agent' => 'Mozilla/5.0 (Windows NT 6.1; Win64; x64) AppleWebKit/537.36 (KHTML, like Gecko) Chrome/61.0.3163.100 Safari/537.36',
  'accept-encoding' => 'gzip, deflate',
  'accept-language' => 'zh-CN,zh;q=0.8',
  'cookie' => 'pgv_pvi=1040552960; pgv_si=s4270891008; PHPSESSID=hadubfu8alj49h0a418djcbha5',
)
[ info ] [ PARAM ] array (
)
[ info ] [ LOG ] INIT File
---------------------------------------------------------------
[ 2017-11-13T10:42:36+08:00 ] 127.0.0.1 127.0.0.1 GET /chat/account/login
[ info ] kefu.test.com/chat/account/login [运行时间：0.032000s][吞吐率：31.25req/s] [内存消耗：2,488.77kb] [文件加载：43]
[ info ] [ LANG ] F:\code\thinkSwoole\thinkphp\lang\zh-cn.php
[ info ] [ ROUTE ] array (
  'type' => 'module',
  'module' => 
  array (
    0 => 'chat',
    1 => 'account',
    2 => 'login',
  ),
)
[ info ] [ HEADER ] array (
  'host' => 'kefu.test.com',
  'connection' => 'keep-alive',
  'cache-control' => 'max-age=0',
  'user-agent' => 'Mozilla/5.0 (Windows NT 6.1; Win64; x64) AppleWebKit/537.36 (KHTML, like Gecko) Chrome/61.0.3163.100 Safari/537.36',
  'upgrade-insecure-requests' => '1',
  'accept' => 'text/html,application/xhtml+xml,application/xml;q=0.9,image/webp,image/apng,*/*;q=0.8',
  'accept-encoding' => 'gzip, deflate',
  'accept-language' => 'zh-CN,zh;q=0.8',
  'cookie' => 'pgv_pvi=1040552960; pgv_si=s4270891008; PHPSESSID=hadubfu8alj49h0a418djcbha5',
)
[ info ] [ PARAM ] array (
)
[ info ] [ DB ] INIT mysql
[ info ] [ RUN ] app\chat\controller\Account->login[ F:\code\thinkSwoole\application\chat\controller\Account.php ]
[ info ] [ VIEW ] F:\code\thinkSwoole\public/../application/chat\view\login.html [ array (
) ]
[ info ] [ LOG ] INIT File
---------------------------------------------------------------
[ 2017-11-13T10:42:36+08:00 ] 127.0.0.1 127.0.0.1 GET /static/css/login.css.map
[ info ] kefu.test.com/static/css/login.css.map [运行时间：0.018000s][吞吐率：55.56req/s] [内存消耗：1,130.38kb] [文件加载：30]
[ info ] [ LANG ] F:\code\thinkSwoole\thinkphp\lang\zh-cn.php
[ info ] [ ROUTE ] array (
  'type' => 'module',
  'module' => 
  array (
    0 => 'static',
    1 => 'css',
    2 => 'login.css.map',
  ),
)
[ info ] [ HEADER ] array (
  'host' => 'kefu.test.com',
  'connection' => 'keep-alive',
  'user-agent' => 'Mozilla/5.0 (Windows NT 6.1; Win64; x64) AppleWebKit/537.36 (KHTML, like Gecko) Chrome/61.0.3163.100 Safari/537.36',
  'accept-encoding' => 'gzip, deflate',
  'accept-language' => 'zh-CN,zh;q=0.8',
  'cookie' => 'pgv_pvi=1040552960; pgv_si=s4270891008; PHPSESSID=hadubfu8alj49h0a418djcbha5',
)
[ info ] [ PARAM ] array (
)
[ info ] [ LOG ] INIT File
---------------------------------------------------------------
[ 2017-11-13T11:06:32+08:00 ] 127.0.0.1 127.0.0.1 GET /chat/account/login
[ info ] kefu.test.com/chat/account/login [运行时间：0.033000s][吞吐率：30.30req/s] [内存消耗：2,488.77kb] [文件加载：43]
[ info ] [ LANG ] F:\code\thinkSwoole\thinkphp\lang\zh-cn.php
[ info ] [ ROUTE ] array (
  'type' => 'module',
  'module' => 
  array (
    0 => 'chat',
    1 => 'account',
    2 => 'login',
  ),
)
[ info ] [ HEADER ] array (
  'host' => 'kefu.test.com',
  'connection' => 'keep-alive',
  'cache-control' => 'max-age=0',
  'user-agent' => 'Mozilla/5.0 (Windows NT 6.1; Win64; x64) AppleWebKit/537.36 (KHTML, like Gecko) Chrome/61.0.3163.100 Safari/537.36',
  'upgrade-insecure-requests' => '1',
  'accept' => 'text/html,application/xhtml+xml,application/xml;q=0.9,image/webp,image/apng,*/*;q=0.8',
  'accept-encoding' => 'gzip, deflate',
  'accept-language' => 'zh-CN,zh;q=0.8',
  'cookie' => 'pgv_pvi=1040552960; pgv_si=s4270891008; PHPSESSID=hadubfu8alj49h0a418djcbha5',
)
[ info ] [ PARAM ] array (
)
[ info ] [ DB ] INIT mysql
[ info ] [ RUN ] app\chat\controller\Account->login[ F:\code\thinkSwoole\application\chat\controller\Account.php ]
[ info ] [ VIEW ] F:\code\thinkSwoole\public/../application/chat\view\login.html [ array (
) ]
[ info ] [ LOG ] INIT File
---------------------------------------------------------------
[ 2017-11-13T11:06:32+08:00 ] 127.0.0.1 127.0.0.1 GET /static/css/login.css.map
[ info ] kefu.test.com/static/css/login.css.map [运行时间：0.018000s][吞吐率：55.56req/s] [内存消耗：1,130.38kb] [文件加载：30]
[ info ] [ LANG ] F:\code\thinkSwoole\thinkphp\lang\zh-cn.php
[ info ] [ ROUTE ] array (
  'type' => 'module',
  'module' => 
  array (
    0 => 'static',
    1 => 'css',
    2 => 'login.css.map',
  ),
)
[ info ] [ HEADER ] array (
  'host' => 'kefu.test.com',
  'connection' => 'keep-alive',
  'user-agent' => 'Mozilla/5.0 (Windows NT 6.1; Win64; x64) AppleWebKit/537.36 (KHTML, like Gecko) Chrome/61.0.3163.100 Safari/537.36',
  'accept-encoding' => 'gzip, deflate',
  'accept-language' => 'zh-CN,zh;q=0.8',
  'cookie' => 'pgv_pvi=1040552960; pgv_si=s4270891008; PHPSESSID=hadubfu8alj49h0a418djcbha5',
)
[ info ] [ PARAM ] array (
)
[ info ] [ LOG ] INIT File
---------------------------------------------------------------
[ 2017-11-13T11:07:20+08:00 ] 127.0.0.1 127.0.0.1 GET /chat/account/login
[ info ] kefu.test.com/chat/account/login [运行时间：0.028000s][吞吐率：35.71req/s] [内存消耗：2,723.35kb] [文件加载：45]
[ info ] [ LANG ] F:\code\thinkSwoole\thinkphp\lang\zh-cn.php
[ info ] [ ROUTE ] array (
  'type' => 'module',
  'module' => 
  array (
    0 => 'chat',
    1 => 'account',
    2 => 'login',
  ),
)
[ info ] [ HEADER ] array (
  'host' => 'kefu.test.com',
  'connection' => 'keep-alive',
  'cache-control' => 'max-age=0',
  'user-agent' => 'Mozilla/5.0 (Windows NT 6.1; Win64; x64) AppleWebKit/537.36 (KHTML, like Gecko) Chrome/61.0.3163.100 Safari/537.36',
  'upgrade-insecure-requests' => '1',
  'accept' => 'text/html,application/xhtml+xml,application/xml;q=0.9,image/webp,image/apng,*/*;q=0.8',
  'accept-encoding' => 'gzip, deflate',
  'accept-language' => 'zh-CN,zh;q=0.8',
  'cookie' => 'pgv_pvi=1040552960; pgv_si=s4270891008; PHPSESSID=hadubfu8alj49h0a418djcbha5',
)
[ info ] [ PARAM ] array (
)
[ info ] [ DB ] INIT mysql
[ info ] [ RUN ] app\chat\controller\Account->login[ F:\code\thinkSwoole\application\chat\controller\Account.php ]
[ info ] [ VIEW ] F:\code\thinkSwoole\public/../application/chat\view\login.html [ array (
) ]
[ info ] [ LOG ] INIT File
---------------------------------------------------------------
[ 2017-11-13T11:07:20+08:00 ] 127.0.0.1 127.0.0.1 GET /static/css/login.css.map
[ info ] kefu.test.com/static/css/login.css.map [运行时间：0.012000s][吞吐率：83.33req/s] [内存消耗：1,130.38kb] [文件加载：30]
[ info ] [ LANG ] F:\code\thinkSwoole\thinkphp\lang\zh-cn.php
[ info ] [ ROUTE ] array (
  'type' => 'module',
  'module' => 
  array (
    0 => 'static',
    1 => 'css',
    2 => 'login.css.map',
  ),
)
[ info ] [ HEADER ] array (
  'host' => 'kefu.test.com',
  'connection' => 'keep-alive',
  'user-agent' => 'Mozilla/5.0 (Windows NT 6.1; Win64; x64) AppleWebKit/537.36 (KHTML, like Gecko) Chrome/61.0.3163.100 Safari/537.36',
  'accept-encoding' => 'gzip, deflate',
  'accept-language' => 'zh-CN,zh;q=0.8',
  'cookie' => 'pgv_pvi=1040552960; pgv_si=s4270891008; PHPSESSID=hadubfu8alj49h0a418djcbha5',
)
[ info ] [ PARAM ] array (
)
[ info ] [ LOG ] INIT File
---------------------------------------------------------------
[ 2017-11-13T14:01:57+08:00 ] 127.0.0.1 127.0.0.1 GET /chat/account/login
[ info ] kefu.test.com/chat/account/login [运行时间：0.041000s][吞吐率：24.39req/s] [内存消耗：2,715.35kb] [文件加载：45]
[ info ] [ LANG ] F:\code\thinkSwoole\thinkphp\lang\zh-cn.php
[ info ] [ ROUTE ] array (
  'type' => 'module',
  'module' => 
  array (
    0 => 'chat',
    1 => 'account',
    2 => 'login',
  ),
)
[ info ] [ HEADER ] array (
  'host' => 'kefu.test.com',
  'connection' => 'keep-alive',
  'cache-control' => 'max-age=0',
  'user-agent' => 'Mozilla/5.0 (Windows NT 6.1; Win64; x64) AppleWebKit/537.36 (KHTML, like Gecko) Chrome/61.0.3163.100 Safari/537.36',
  'upgrade-insecure-requests' => '1',
  'accept' => 'text/html,application/xhtml+xml,application/xml;q=0.9,image/webp,image/apng,*/*;q=0.8',
  'accept-encoding' => 'gzip, deflate',
  'accept-language' => 'zh-CN,zh;q=0.8',
  'cookie' => 'pgv_pvi=1040552960; pgv_si=s4270891008; PHPSESSID=hadubfu8alj49h0a418djcbha5',
)
[ info ] [ PARAM ] array (
)
[ info ] [ DB ] INIT mysql
[ info ] [ RUN ] app\chat\controller\Account->login[ F:\code\thinkSwoole\application\chat\controller\Account.php ]
[ info ] [ VIEW ] F:\code\thinkSwoole\public/../application/chat\view\login.html [ array (
) ]
[ info ] [ LOG ] INIT File
---------------------------------------------------------------
[ 2017-11-13T14:01:57+08:00 ] 127.0.0.1 127.0.0.1 GET /static/css/login.css.map
[ info ] kefu.test.com/static/css/login.css.map [运行时间：0.013000s][吞吐率：76.92req/s] [内存消耗：1,130.38kb] [文件加载：30]
[ info ] [ LANG ] F:\code\thinkSwoole\thinkphp\lang\zh-cn.php
[ info ] [ ROUTE ] array (
  'type' => 'module',
  'module' => 
  array (
    0 => 'static',
    1 => 'css',
    2 => 'login.css.map',
  ),
)
[ info ] [ HEADER ] array (
  'host' => 'kefu.test.com',
  'connection' => 'keep-alive',
  'user-agent' => 'Mozilla/5.0 (Windows NT 6.1; Win64; x64) AppleWebKit/537.36 (KHTML, like Gecko) Chrome/61.0.3163.100 Safari/537.36',
  'accept-encoding' => 'gzip, deflate',
  'accept-language' => 'zh-CN,zh;q=0.8',
  'cookie' => 'pgv_pvi=1040552960; pgv_si=s4270891008; PHPSESSID=hadubfu8alj49h0a418djcbha5',
)
[ info ] [ PARAM ] array (
)
[ info ] [ LOG ] INIT File
---------------------------------------------------------------
[ 2017-11-13T14:19:21+08:00 ] 127.0.0.1 127.0.0.1 GET /chat/msg/lists
[ info ] kefu.test.com/chat/msg/lists [运行时间：0.023000s][吞吐率：43.48req/s] [内存消耗：2,634.94kb] [文件加载：45]
[ info ] [ LANG ] F:\code\thinkSwoole\thinkphp\lang\zh-cn.php
[ info ] [ ROUTE ] array (
  'type' => 'module',
  'module' => 
  array (
    0 => 'chat',
    1 => 'msg',
    2 => 'lists',
  ),
)
[ info ] [ HEADER ] array (
  'host' => 'kefu.test.com',
  'connection' => 'keep-alive',
  'cache-control' => 'max-age=0',
  'user-agent' => 'Mozilla/5.0 (Windows NT 6.1; Win64; x64) AppleWebKit/537.36 (KHTML, like Gecko) Chrome/61.0.3163.100 Safari/537.36',
  'upgrade-insecure-requests' => '1',
  'accept' => 'text/html,application/xhtml+xml,application/xml;q=0.9,image/webp,image/apng,*/*;q=0.8',
  'accept-encoding' => 'gzip, deflate',
  'accept-language' => 'zh-CN,zh;q=0.8',
  'cookie' => 'pgv_pvi=1040552960; pgv_si=s4270891008; PHPSESSID=hadubfu8alj49h0a418djcbha5',
)
[ info ] [ PARAM ] array (
)
[ info ] [ SESSION ] INIT array (
  'id' => '',
  'var_session_id' => '',
  'prefix' => 'think',
  'type' => '',
  'auto_start' => true,
)
[ info ] [ DB ] INIT mysql
[ info ] [ RUN ] app\chat\controller\Msg->lists[ F:\code\thinkSwoole\application\chat\controller\Msg.php ]
[ info ] [ VIEW ] F:\code\thinkSwoole\public/../application/chat\view\index.html [ array (
  0 => 'id',
) ]
[ info ] [ LOG ] INIT File
---------------------------------------------------------------
[ 2017-11-13T14:19:21+08:00 ] 127.0.0.1 127.0.0.1 GET /api/friends/lists?uid=1&_=1510553961057
[ info ] kefu.test.com/api/friends/lists?uid=1&_=1510553961057 [运行时间：0.219000s][吞吐率：4.57req/s] [内存消耗：2,738.73kb] [文件加载：45]
[ info ] [ LANG ] F:\code\thinkSwoole\thinkphp\lang\zh-cn.php
[ info ] [ ROUTE ] array (
  'type' => 'module',
  'module' => 
  array (
    0 => 'api',
    1 => 'friends',
    2 => 'lists',
  ),
)
[ info ] [ HEADER ] array (
  'host' => 'kefu.test.com',
  'connection' => 'keep-alive',
  'accept' => 'application/json, text/javascript, */*; q=0.01',
  'x-requested-with' => 'XMLHttpRequest',
  'user-agent' => 'Mozilla/5.0 (Windows NT 6.1; Win64; x64) AppleWebKit/537.36 (KHTML, like Gecko) Chrome/61.0.3163.100 Safari/537.36',
  'referer' => 'http://kefu.test.com/chat/msg/lists',
  'accept-encoding' => 'gzip, deflate',
  'accept-language' => 'zh-CN,zh;q=0.8',
  'cookie' => 'pgv_pvi=1040552960; pgv_si=s4270891008; PHPSESSID=hadubfu8alj49h0a418djcbha5',
)
[ info ] [ PARAM ] array (
  'uid' => '1',
  '_' => '1510553961057',
)
[ info ] [ DB ] INIT mysql
[ info ] [ RUN ] app\api\controller\Friends->lists[ F:\code\thinkSwoole\application\api\controller\Friends.php ]
[ info ] [ LOG ] INIT File
[ sql ] [ DB ] CONNECT:[ UseTime:0.033000s ] mysql:host=119.29.208.229;port=3306;dbname=kefu;charset=utf8mb4
[ sql ] [ SQL ] SHOW COLUMNS FROM `users` [ RunTime:0.023000s ]
[ sql ] [ SQL ] SELECT uid as id,`username`,`account`,`avatar`,`sex`,`age`,`status`,`sign`,`addtime` FROM `users` WHERE  `uid` = 1 LIMIT 1 [ RunTime:0.030000s ]
[ sql ] [ SQL ] SHOW COLUMNS FROM `group` [ RunTime:0.026000s ]
[ sql ] [ SQL ] SELECT * FROM `group` WHERE  `create_uid` = 1 [ RunTime:0.027000s ]
[ sql ] [ SQL ] SHOW COLUMNS FROM `friends` [ RunTime:0.028000s ]
[ sql ] [ SQL ] SELECT `u`.`username`,`u`.`account`,`u`.`avatar`,`u`.`sex`,`u`.`age`,`f`.`group_id`,`f`.`uid`,f.fid as id FROM `friends` `f` INNER JOIN `users` `u` ON `f`.`fid`=`u`.`uid` WHERE  `f`.`uid` = '1' [ RunTime:0.027000s ]
---------------------------------------------------------------
[ 2017-11-13T14:19:37+08:00 ] 127.0.0.1 127.0.0.1 GET /chat/msg/lists
[ info ] kefu.test.com/chat/msg/lists [运行时间：0.026000s][吞吐率：38.46req/s] [内存消耗：2,634.94kb] [文件加载：45]
[ info ] [ LANG ] F:\code\thinkSwoole\thinkphp\lang\zh-cn.php
[ info ] [ ROUTE ] array (
  'type' => 'module',
  'module' => 
  array (
    0 => 'chat',
    1 => 'msg',
    2 => 'lists',
  ),
)
[ info ] [ HEADER ] array (
  'host' => 'kefu.test.com',
  'connection' => 'keep-alive',
  'cache-control' => 'max-age=0',
  'user-agent' => 'Mozilla/5.0 (Windows NT 6.1; Win64; x64) AppleWebKit/537.36 (KHTML, like Gecko) Chrome/61.0.3163.100 Safari/537.36',
  'upgrade-insecure-requests' => '1',
  'accept' => 'text/html,application/xhtml+xml,application/xml;q=0.9,image/webp,image/apng,*/*;q=0.8',
  'accept-encoding' => 'gzip, deflate',
  'accept-language' => 'zh-CN,zh;q=0.8',
  'cookie' => 'pgv_pvi=1040552960; pgv_si=s4270891008; PHPSESSID=hadubfu8alj49h0a418djcbha5',
)
[ info ] [ PARAM ] array (
)
[ info ] [ SESSION ] INIT array (
  'id' => '',
  'var_session_id' => '',
  'prefix' => 'think',
  'type' => '',
  'auto_start' => true,
)
[ info ] [ DB ] INIT mysql
[ info ] [ RUN ] app\chat\controller\Msg->lists[ F:\code\thinkSwoole\application\chat\controller\Msg.php ]
[ info ] [ VIEW ] F:\code\thinkSwoole\public/../application/chat\view\index.html [ array (
  0 => 'id',
) ]
[ info ] [ LOG ] INIT File
---------------------------------------------------------------
[ 2017-11-13T14:19:38+08:00 ] 127.0.0.1 127.0.0.1 GET /api/friends/lists?uid=1&_=1510553977721
[ info ] kefu.test.com/api/friends/lists?uid=1&_=1510553977721 [运行时间：0.230000s][吞吐率：4.35req/s] [内存消耗：2,738.73kb] [文件加载：45]
[ info ] [ LANG ] F:\code\thinkSwoole\thinkphp\lang\zh-cn.php
[ info ] [ ROUTE ] array (
  'type' => 'module',
  'module' => 
  array (
    0 => 'api',
    1 => 'friends',
    2 => 'lists',
  ),
)
[ info ] [ HEADER ] array (
  'host' => 'kefu.test.com',
  'connection' => 'keep-alive',
  'accept' => 'application/json, text/javascript, */*; q=0.01',
  'x-requested-with' => 'XMLHttpRequest',
  'user-agent' => 'Mozilla/5.0 (Windows NT 6.1; Win64; x64) AppleWebKit/537.36 (KHTML, like Gecko) Chrome/61.0.3163.100 Safari/537.36',
  'referer' => 'http://kefu.test.com/chat/msg/lists',
  'accept-encoding' => 'gzip, deflate',
  'accept-language' => 'zh-CN,zh;q=0.8',
  'cookie' => 'pgv_pvi=1040552960; pgv_si=s4270891008; PHPSESSID=hadubfu8alj49h0a418djcbha5',
)
[ info ] [ PARAM ] array (
  'uid' => '1',
  '_' => '1510553977721',
)
[ info ] [ DB ] INIT mysql
[ info ] [ RUN ] app\api\controller\Friends->lists[ F:\code\thinkSwoole\application\api\controller\Friends.php ]
[ info ] [ LOG ] INIT File
[ sql ] [ DB ] CONNECT:[ UseTime:0.039000s ] mysql:host=119.29.208.229;port=3306;dbname=kefu;charset=utf8mb4
[ sql ] [ SQL ] SHOW COLUMNS FROM `users` [ RunTime:0.028000s ]
[ sql ] [ SQL ] SELECT uid as id,`username`,`account`,`avatar`,`sex`,`age`,`status`,`sign`,`addtime` FROM `users` WHERE  `uid` = 1 LIMIT 1 [ RunTime:0.025000s ]
[ sql ] [ SQL ] SHOW COLUMNS FROM `group` [ RunTime:0.025000s ]
[ sql ] [ SQL ] SELECT * FROM `group` WHERE  `create_uid` = 1 [ RunTime:0.028000s ]
[ sql ] [ SQL ] SHOW COLUMNS FROM `friends` [ RunTime:0.029000s ]
[ sql ] [ SQL ] SELECT `u`.`username`,`u`.`account`,`u`.`avatar`,`u`.`sex`,`u`.`age`,`f`.`group_id`,`f`.`uid`,f.fid as id FROM `friends` `f` INNER JOIN `users` `u` ON `f`.`fid`=`u`.`uid` WHERE  `f`.`uid` = '1' [ RunTime:0.026000s ]
---------------------------------------------------------------
[ 2017-11-13T14:19:44+08:00 ] 127.0.0.1 127.0.0.1 GET /chat/msg/lists
[ info ] kefu.test.com/chat/msg/lists [运行时间：0.025000s][吞吐率：40.00req/s] [内存消耗：2,633.30kb] [文件加载：45]
[ info ] [ LANG ] F:\code\thinkSwoole\thinkphp\lang\zh-cn.php
[ info ] [ ROUTE ] array (
  'type' => 'module',
  'module' => 
  array (
    0 => 'chat',
    1 => 'msg',
    2 => 'lists',
  ),
)
[ info ] [ HEADER ] array (
  'host' => 'kefu.test.com',
  'user-agent' => 'Mozilla/5.0 (Windows NT 6.1; Win64; x64; rv:56.0) Gecko/20100101 Firefox/56.0',
  'accept' => 'text/html,application/xhtml+xml,application/xml;q=0.9,*/*;q=0.8',
  'accept-language' => 'zh-CN,zh;q=0.8,en-US;q=0.5,en;q=0.3',
  'accept-encoding' => 'gzip, deflate',
  'cookie' => 'PHPSESSID=11s0e21g2ff4la3cinr48otca3',
  'connection' => 'keep-alive',
  'upgrade-insecure-requests' => '1',
)
[ info ] [ PARAM ] array (
)
[ info ] [ SESSION ] INIT array (
  'id' => '',
  'var_session_id' => '',
  'prefix' => 'think',
  'type' => '',
  'auto_start' => true,
)
[ info ] [ DB ] INIT mysql
[ info ] [ RUN ] app\chat\controller\Msg->lists[ F:\code\thinkSwoole\application\chat\controller\Msg.php ]
[ info ] [ VIEW ] F:\code\thinkSwoole\public/../application/chat\view\index.html [ array (
  0 => 'id',
) ]
[ info ] [ LOG ] INIT File
---------------------------------------------------------------
[ 2017-11-13T14:19:44+08:00 ] 127.0.0.1 127.0.0.1 GET /api/friends/lists?uid=2&_=1510553984131
[ info ] kefu.test.com/api/friends/lists?uid=2&_=1510553984131 [运行时间：0.218000s][吞吐率：4.59req/s] [内存消耗：2,738.41kb] [文件加载：45]
[ info ] [ LANG ] F:\code\thinkSwoole\thinkphp\lang\zh-cn.php
[ info ] [ ROUTE ] array (
  'type' => 'module',
  'module' => 
  array (
    0 => 'api',
    1 => 'friends',
    2 => 'lists',
  ),
)
[ info ] [ HEADER ] array (
  'host' => 'kefu.test.com',
  'user-agent' => 'Mozilla/5.0 (Windows NT 6.1; Win64; x64; rv:56.0) Gecko/20100101 Firefox/56.0',
  'accept' => 'application/json, text/javascript, */*; q=0.01',
  'accept-language' => 'zh-CN,zh;q=0.8,en-US;q=0.5,en;q=0.3',
  'accept-encoding' => 'gzip, deflate',
  'x-requested-with' => 'XMLHttpRequest',
  'referer' => 'http://kefu.test.com/chat/msg/lists',
  'cookie' => 'PHPSESSID=11s0e21g2ff4la3cinr48otca3',
  'connection' => 'keep-alive',
)
[ info ] [ PARAM ] array (
  'uid' => '2',
  '_' => '1510553984131',
)
[ info ] [ DB ] INIT mysql
[ info ] [ RUN ] app\api\controller\Friends->lists[ F:\code\thinkSwoole\application\api\controller\Friends.php ]
[ info ] [ LOG ] INIT File
[ sql ] [ DB ] CONNECT:[ UseTime:0.036000s ] mysql:host=119.29.208.229;port=3306;dbname=kefu;charset=utf8mb4
[ sql ] [ SQL ] SHOW COLUMNS FROM `users` [ RunTime:0.024000s ]
[ sql ] [ SQL ] SELECT uid as id,`username`,`account`,`avatar`,`sex`,`age`,`status`,`sign`,`addtime` FROM `users` WHERE  `uid` = 2 LIMIT 1 [ RunTime:0.024000s ]
[ sql ] [ SQL ] SHOW COLUMNS FROM `group` [ RunTime:0.029000s ]
[ sql ] [ SQL ] SELECT * FROM `group` WHERE  `create_uid` = 2 [ RunTime:0.027000s ]
[ sql ] [ SQL ] SHOW COLUMNS FROM `friends` [ RunTime:0.027000s ]
[ sql ] [ SQL ] SELECT `u`.`username`,`u`.`account`,`u`.`avatar`,`u`.`sex`,`u`.`age`,`f`.`group_id`,`f`.`uid`,f.fid as id FROM `friends` `f` INNER JOIN `users` `u` ON `f`.`fid`=`u`.`uid` WHERE  `f`.`uid` = '2' [ RunTime:0.025000s ]
---------------------------------------------------------------
[ 2017-11-13T14:29:04+08:00 ] 127.0.0.1 127.0.0.1 GET /chat/msg/lists
[ info ] kefu.test.com/chat/msg/lists [运行时间：0.028000s][吞吐率：35.71req/s] [内存消耗：2,634.94kb] [文件加载：45]
[ info ] [ LANG ] F:\code\thinkSwoole\thinkphp\lang\zh-cn.php
[ info ] [ ROUTE ] array (
  'type' => 'module',
  'module' => 
  array (
    0 => 'chat',
    1 => 'msg',
    2 => 'lists',
  ),
)
[ info ] [ HEADER ] array (
  'host' => 'kefu.test.com',
  'connection' => 'keep-alive',
  'cache-control' => 'max-age=0',
  'user-agent' => 'Mozilla/5.0 (Windows NT 6.1; Win64; x64) AppleWebKit/537.36 (KHTML, like Gecko) Chrome/61.0.3163.100 Safari/537.36',
  'upgrade-insecure-requests' => '1',
  'accept' => 'text/html,application/xhtml+xml,application/xml;q=0.9,image/webp,image/apng,*/*;q=0.8',
  'accept-encoding' => 'gzip, deflate',
  'accept-language' => 'zh-CN,zh;q=0.8',
  'cookie' => 'pgv_pvi=1040552960; pgv_si=s4270891008; PHPSESSID=hadubfu8alj49h0a418djcbha5',
)
[ info ] [ PARAM ] array (
)
[ info ] [ SESSION ] INIT array (
  'id' => '',
  'var_session_id' => '',
  'prefix' => 'think',
  'type' => '',
  'auto_start' => true,
)
[ info ] [ DB ] INIT mysql
[ info ] [ RUN ] app\chat\controller\Msg->lists[ F:\code\thinkSwoole\application\chat\controller\Msg.php ]
[ info ] [ VIEW ] F:\code\thinkSwoole\public/../application/chat\view\index.html [ array (
  0 => 'id',
) ]
[ info ] [ LOG ] INIT File
---------------------------------------------------------------
[ 2017-11-13T14:29:04+08:00 ] 127.0.0.1 127.0.0.1 GET /api/friends/lists?uid=1&_=1510554544140
[ info ] kefu.test.com/api/friends/lists?uid=1&_=1510554544140 [运行时间：0.226000s][吞吐率：4.42req/s] [内存消耗：2,738.73kb] [文件加载：45]
[ info ] [ LANG ] F:\code\thinkSwoole\thinkphp\lang\zh-cn.php
[ info ] [ ROUTE ] array (
  'type' => 'module',
  'module' => 
  array (
    0 => 'api',
    1 => 'friends',
    2 => 'lists',
  ),
)
[ info ] [ HEADER ] array (
  'host' => 'kefu.test.com',
  'connection' => 'keep-alive',
  'accept' => 'application/json, text/javascript, */*; q=0.01',
  'x-requested-with' => 'XMLHttpRequest',
  'user-agent' => 'Mozilla/5.0 (Windows NT 6.1; Win64; x64) AppleWebKit/537.36 (KHTML, like Gecko) Chrome/61.0.3163.100 Safari/537.36',
  'referer' => 'http://kefu.test.com/chat/msg/lists',
  'accept-encoding' => 'gzip, deflate',
  'accept-language' => 'zh-CN,zh;q=0.8',
  'cookie' => 'pgv_pvi=1040552960; pgv_si=s4270891008; PHPSESSID=hadubfu8alj49h0a418djcbha5',
)
[ info ] [ PARAM ] array (
  'uid' => '1',
  '_' => '1510554544140',
)
[ info ] [ DB ] INIT mysql
[ info ] [ RUN ] app\api\controller\Friends->lists[ F:\code\thinkSwoole\application\api\controller\Friends.php ]
[ info ] [ LOG ] INIT File
[ sql ] [ DB ] CONNECT:[ UseTime:0.035000s ] mysql:host=119.29.208.229;port=3306;dbname=kefu;charset=utf8mb4
[ sql ] [ SQL ] SHOW COLUMNS FROM `users` [ RunTime:0.025000s ]
[ sql ] [ SQL ] SELECT uid as id,`username`,`account`,`avatar`,`sex`,`age`,`status`,`sign`,`addtime` FROM `users` WHERE  `uid` = 1 LIMIT 1 [ RunTime:0.026000s ]
[ sql ] [ SQL ] SHOW COLUMNS FROM `group` [ RunTime:0.029000s ]
[ sql ] [ SQL ] SELECT * FROM `group` WHERE  `create_uid` = 1 [ RunTime:0.026000s ]
[ sql ] [ SQL ] SHOW COLUMNS FROM `friends` [ RunTime:0.029000s ]
[ sql ] [ SQL ] SELECT `u`.`username`,`u`.`account`,`u`.`avatar`,`u`.`sex`,`u`.`age`,`f`.`group_id`,`f`.`uid`,f.fid as id FROM `friends` `f` INNER JOIN `users` `u` ON `f`.`fid`=`u`.`uid` WHERE  `f`.`uid` = '1' [ RunTime:0.028000s ]
---------------------------------------------------------------
[ 2017-11-13T14:29:09+08:00 ] 127.0.0.1 127.0.0.1 GET /chat/msg/lists
[ info ] kefu.test.com/chat/msg/lists [运行时间：0.027000s][吞吐率：37.04req/s] [内存消耗：2,633.30kb] [文件加载：45]
[ info ] [ LANG ] F:\code\thinkSwoole\thinkphp\lang\zh-cn.php
[ info ] [ ROUTE ] array (
  'type' => 'module',
  'module' => 
  array (
    0 => 'chat',
    1 => 'msg',
    2 => 'lists',
  ),
)
[ info ] [ HEADER ] array (
  'host' => 'kefu.test.com',
  'user-agent' => 'Mozilla/5.0 (Windows NT 6.1; Win64; x64; rv:56.0) Gecko/20100101 Firefox/56.0',
  'accept' => 'text/html,application/xhtml+xml,application/xml;q=0.9,*/*;q=0.8',
  'accept-language' => 'zh-CN,zh;q=0.8,en-US;q=0.5,en;q=0.3',
  'accept-encoding' => 'gzip, deflate',
  'cookie' => 'PHPSESSID=11s0e21g2ff4la3cinr48otca3',
  'connection' => 'keep-alive',
  'upgrade-insecure-requests' => '1',
)
[ info ] [ PARAM ] array (
)
[ info ] [ SESSION ] INIT array (
  'id' => '',
  'var_session_id' => '',
  'prefix' => 'think',
  'type' => '',
  'auto_start' => true,
)
[ info ] [ DB ] INIT mysql
[ info ] [ RUN ] app\chat\controller\Msg->lists[ F:\code\thinkSwoole\application\chat\controller\Msg.php ]
[ info ] [ VIEW ] F:\code\thinkSwoole\public/../application/chat\view\index.html [ array (
  0 => 'id',
) ]
[ info ] [ LOG ] INIT File
---------------------------------------------------------------
[ 2017-11-13T14:29:10+08:00 ] 127.0.0.1 127.0.0.1 GET /api/friends/lists?uid=2&_=1510554549839
[ info ] kefu.test.com/api/friends/lists?uid=2&_=1510554549839 [运行时间：0.221000s][吞吐率：4.52req/s] [内存消耗：2,738.41kb] [文件加载：45]
[ info ] [ LANG ] F:\code\thinkSwoole\thinkphp\lang\zh-cn.php
[ info ] [ ROUTE ] array (
  'type' => 'module',
  'module' => 
  array (
    0 => 'api',
    1 => 'friends',
    2 => 'lists',
  ),
)
[ info ] [ HEADER ] array (
  'host' => 'kefu.test.com',
  'user-agent' => 'Mozilla/5.0 (Windows NT 6.1; Win64; x64; rv:56.0) Gecko/20100101 Firefox/56.0',
  'accept' => 'application/json, text/javascript, */*; q=0.01',
  'accept-language' => 'zh-CN,zh;q=0.8,en-US;q=0.5,en;q=0.3',
  'accept-encoding' => 'gzip, deflate',
  'x-requested-with' => 'XMLHttpRequest',
  'referer' => 'http://kefu.test.com/chat/msg/lists',
  'cookie' => 'PHPSESSID=11s0e21g2ff4la3cinr48otca3',
  'connection' => 'keep-alive',
)
[ info ] [ PARAM ] array (
  'uid' => '2',
  '_' => '1510554549839',
)
[ info ] [ DB ] INIT mysql
[ info ] [ RUN ] app\api\controller\Friends->lists[ F:\code\thinkSwoole\application\api\controller\Friends.php ]
[ info ] [ LOG ] INIT File
[ sql ] [ DB ] CONNECT:[ UseTime:0.042000s ] mysql:host=119.29.208.229;port=3306;dbname=kefu;charset=utf8mb4
[ sql ] [ SQL ] SHOW COLUMNS FROM `users` [ RunTime:0.023000s ]
[ sql ] [ SQL ] SELECT uid as id,`username`,`account`,`avatar`,`sex`,`age`,`status`,`sign`,`addtime` FROM `users` WHERE  `uid` = 2 LIMIT 1 [ RunTime:0.029000s ]
[ sql ] [ SQL ] SHOW COLUMNS FROM `group` [ RunTime:0.025000s ]
[ sql ] [ SQL ] SELECT * FROM `group` WHERE  `create_uid` = 2 [ RunTime:0.025000s ]
[ sql ] [ SQL ] SHOW COLUMNS FROM `friends` [ RunTime:0.028000s ]
[ sql ] [ SQL ] SELECT `u`.`username`,`u`.`account`,`u`.`avatar`,`u`.`sex`,`u`.`age`,`f`.`group_id`,`f`.`uid`,f.fid as id FROM `friends` `f` INNER JOIN `users` `u` ON `f`.`fid`=`u`.`uid` WHERE  `f`.`uid` = '2' [ RunTime:0.026000s ]
---------------------------------------------------------------
[ 2017-11-13T14:31:45+08:00 ] 127.0.0.1 127.0.0.1 GET /chat/msg/lists
[ info ] kefu.test.com/chat/msg/lists [运行时间：0.034000s][吞吐率：29.41req/s] [内存消耗：2,813.52kb] [文件加载：47]
[ info ] [ LANG ] F:\code\thinkSwoole\thinkphp\lang\zh-cn.php
[ info ] [ ROUTE ] array (
  'type' => 'module',
  'module' => 
  array (
    0 => 'chat',
    1 => 'msg',
    2 => 'lists',
  ),
)
[ info ] [ HEADER ] array (
  'host' => 'kefu.test.com',
  'connection' => 'keep-alive',
  'cache-control' => 'max-age=0',
  'user-agent' => 'Mozilla/5.0 (Windows NT 6.1; Win64; x64) AppleWebKit/537.36 (KHTML, like Gecko) Chrome/61.0.3163.100 Safari/537.36',
  'upgrade-insecure-requests' => '1',
  'accept' => 'text/html,application/xhtml+xml,application/xml;q=0.9,image/webp,image/apng,*/*;q=0.8',
  'accept-encoding' => 'gzip, deflate',
  'accept-language' => 'zh-CN,zh;q=0.8',
  'cookie' => 'pgv_pvi=1040552960; pgv_si=s4270891008; PHPSESSID=hadubfu8alj49h0a418djcbha5',
)
[ info ] [ PARAM ] array (
)
[ info ] [ SESSION ] INIT array (
  'id' => '',
  'var_session_id' => '',
  'prefix' => 'think',
  'type' => '',
  'auto_start' => true,
)
[ info ] [ DB ] INIT mysql
[ info ] [ RUN ] app\chat\controller\Msg->lists[ F:\code\thinkSwoole\application\chat\controller\Msg.php ]
[ info ] [ VIEW ] F:\code\thinkSwoole\public/../application/chat\view\index.html [ array (
  0 => 'id',
) ]
[ info ] [ LOG ] INIT File
---------------------------------------------------------------
[ 2017-11-13T14:31:45+08:00 ] 127.0.0.1 127.0.0.1 GET /api/friends/lists?uid=1&_=1510554705097
[ info ] kefu.test.com/api/friends/lists?uid=1&_=1510554705097 [运行时间：0.215000s][吞吐率：4.65req/s] [内存消耗：2,738.73kb] [文件加载：45]
[ info ] [ LANG ] F:\code\thinkSwoole\thinkphp\lang\zh-cn.php
[ info ] [ ROUTE ] array (
  'type' => 'module',
  'module' => 
  array (
    0 => 'api',
    1 => 'friends',
    2 => 'lists',
  ),
)
[ info ] [ HEADER ] array (
  'host' => 'kefu.test.com',
  'connection' => 'keep-alive',
  'accept' => 'application/json, text/javascript, */*; q=0.01',
  'x-requested-with' => 'XMLHttpRequest',
  'user-agent' => 'Mozilla/5.0 (Windows NT 6.1; Win64; x64) AppleWebKit/537.36 (KHTML, like Gecko) Chrome/61.0.3163.100 Safari/537.36',
  'referer' => 'http://kefu.test.com/chat/msg/lists',
  'accept-encoding' => 'gzip, deflate',
  'accept-language' => 'zh-CN,zh;q=0.8',
  'cookie' => 'pgv_pvi=1040552960; pgv_si=s4270891008; PHPSESSID=hadubfu8alj49h0a418djcbha5',
)
[ info ] [ PARAM ] array (
  'uid' => '1',
  '_' => '1510554705097',
)
[ info ] [ DB ] INIT mysql
[ info ] [ RUN ] app\api\controller\Friends->lists[ F:\code\thinkSwoole\application\api\controller\Friends.php ]
[ info ] [ LOG ] INIT File
[ sql ] [ DB ] CONNECT:[ UseTime:0.036000s ] mysql:host=119.29.208.229;port=3306;dbname=kefu;charset=utf8mb4
[ sql ] [ SQL ] SHOW COLUMNS FROM `users` [ RunTime:0.021000s ]
[ sql ] [ SQL ] SELECT uid as id,`username`,`account`,`avatar`,`sex`,`age`,`status`,`sign`,`addtime` FROM `users` WHERE  `uid` = 1 LIMIT 1 [ RunTime:0.024000s ]
[ sql ] [ SQL ] SHOW COLUMNS FROM `group` [ RunTime:0.025000s ]
[ sql ] [ SQL ] SELECT * FROM `group` WHERE  `create_uid` = 1 [ RunTime:0.025000s ]
[ sql ] [ SQL ] SHOW COLUMNS FROM `friends` [ RunTime:0.027000s ]
[ sql ] [ SQL ] SELECT `u`.`username`,`u`.`account`,`u`.`avatar`,`u`.`sex`,`u`.`age`,`f`.`group_id`,`f`.`uid`,f.fid as id FROM `friends` `f` INNER JOIN `users` `u` ON `f`.`fid`=`u`.`uid` WHERE  `f`.`uid` = '1' [ RunTime:0.026000s ]
---------------------------------------------------------------
[ 2017-11-13T14:33:38+08:00 ] 127.0.0.1 127.0.0.1 GET /chat/msg/mobile
[ info ] kefu.test.com/chat/msg/mobile [运行时间：0.029000s][吞吐率：34.48req/s] [内存消耗：2,797.94kb] [文件加载：47]
[ info ] [ LANG ] F:\code\thinkSwoole\thinkphp\lang\zh-cn.php
[ info ] [ ROUTE ] array (
  'type' => 'module',
  'module' => 
  array (
    0 => 'chat',
    1 => 'msg',
    2 => 'mobile',
  ),
)
[ info ] [ HEADER ] array (
  'host' => 'kefu.test.com',
  'connection' => 'keep-alive',
  'user-agent' => 'Mozilla/5.0 (Windows NT 6.1; Win64; x64) AppleWebKit/537.36 (KHTML, like Gecko) Chrome/61.0.3163.100 Safari/537.36',
  'upgrade-insecure-requests' => '1',
  'accept' => 'text/html,application/xhtml+xml,application/xml;q=0.9,image/webp,image/apng,*/*;q=0.8',
  'accept-encoding' => 'gzip, deflate',
  'accept-language' => 'zh-CN,zh;q=0.8',
  'cookie' => 'pgv_pvi=1040552960; pgv_si=s4270891008; PHPSESSID=hadubfu8alj49h0a418djcbha5',
)
[ info ] [ PARAM ] array (
)
[ info ] [ SESSION ] INIT array (
  'id' => '',
  'var_session_id' => '',
  'prefix' => 'think',
  'type' => '',
  'auto_start' => true,
)
[ info ] [ DB ] INIT mysql
[ info ] [ RUN ] app\chat\controller\Msg->mobile[ F:\code\thinkSwoole\application\chat\controller\Msg.php ]
[ info ] [ VIEW ] F:\code\thinkSwoole\public/../application/chat\view\mobile.html [ array (
  0 => 'id',
) ]
[ info ] [ LOG ] INIT File
---------------------------------------------------------------
[ 2017-11-13T14:33:42+08:00 ] 127.0.0.1 127.0.0.1 GET /chat/msg/mobile
[ info ] kefu.test.com/chat/msg/mobile [运行时间：0.035000s][吞吐率：28.57req/s] [内存消耗：2,635.74kb] [文件加载：45]
[ info ] [ LANG ] F:\code\thinkSwoole\thinkphp\lang\zh-cn.php
[ info ] [ ROUTE ] array (
  'type' => 'module',
  'module' => 
  array (
    0 => 'chat',
    1 => 'msg',
    2 => 'mobile',
  ),
)
[ info ] [ HEADER ] array (
  'host' => 'kefu.test.com',
  'connection' => 'keep-alive',
  'cache-control' => 'max-age=0',
  'user-agent' => 'Mozilla/5.0 (iPhone; CPU iPhone OS 9_1 like Mac OS X) AppleWebKit/601.1.46 (KHTML, like Gecko) Version/9.0 Mobile/13B143 Safari/601.1',
  'upgrade-insecure-requests' => '1',
  'accept' => 'text/html,application/xhtml+xml,application/xml;q=0.9,image/webp,image/apng,*/*;q=0.8',
  'accept-encoding' => 'gzip, deflate',
  'accept-language' => 'zh-CN,zh;q=0.8',
  'cookie' => 'pgv_pvi=1040552960; pgv_si=s4270891008; PHPSESSID=hadubfu8alj49h0a418djcbha5',
)
[ info ] [ PARAM ] array (
)
[ info ] [ SESSION ] INIT array (
  'id' => '',
  'var_session_id' => '',
  'prefix' => 'think',
  'type' => '',
  'auto_start' => true,
)
[ info ] [ DB ] INIT mysql
[ info ] [ RUN ] app\chat\controller\Msg->mobile[ F:\code\thinkSwoole\application\chat\controller\Msg.php ]
[ info ] [ VIEW ] F:\code\thinkSwoole\public/../application/chat\view\mobile.html [ array (
  0 => 'id',
) ]
[ info ] [ LOG ] INIT File
---------------------------------------------------------------
[ 2017-11-13T18:07:24+08:00 ] 127.0.0.1 127.0.0.1 GET /chat/msg/mobile
[ info ] kefu.test.com/chat/msg/mobile [运行时间：0.027000s][吞吐率：37.04req/s] [内存消耗：2,635.74kb] [文件加载：45]
[ info ] [ LANG ] F:\code\thinkSwoole\thinkphp\lang\zh-cn.php
[ info ] [ ROUTE ] array (
  'type' => 'module',
  'module' => 
  array (
    0 => 'chat',
    1 => 'msg',
    2 => 'mobile',
  ),
)
[ info ] [ HEADER ] array (
  'host' => 'kefu.test.com',
  'connection' => 'keep-alive',
  'cache-control' => 'max-age=0',
  'upgrade-insecure-requests' => '1',
  'user-agent' => 'Mozilla/5.0 (iPhone; CPU iPhone OS 9_1 like Mac OS X) AppleWebKit/601.1.46 (KHTML, like Gecko) Version/9.0 Mobile/13B143 Safari/601.1',
  'accept' => 'text/html,application/xhtml+xml,application/xml;q=0.9,image/webp,image/apng,*/*;q=0.8',
  'accept-encoding' => 'gzip, deflate',
  'accept-language' => 'zh-CN,zh;q=0.8',
  'cookie' => 'pgv_pvi=1040552960; pgv_si=s4270891008; PHPSESSID=hadubfu8alj49h0a418djcbha5',
)
[ info ] [ PARAM ] array (
)
[ info ] [ SESSION ] INIT array (
  'id' => '',
  'var_session_id' => '',
  'prefix' => 'think',
  'type' => '',
  'auto_start' => true,
)
[ info ] [ DB ] INIT mysql
[ info ] [ RUN ] app\chat\controller\Msg->mobile[ F:\code\thinkSwoole\application\chat\controller\Msg.php ]
[ info ] [ VIEW ] F:\code\thinkSwoole\public/../application/chat\view\mobile.html [ array (
  0 => 'id',
) ]
[ info ] [ LOG ] INIT File
---------------------------------------------------------------
[ 2017-11-13T18:07:26+08:00 ] 127.0.0.1 127.0.0.1 GET /chat/msg/lists
[ info ] kefu.test.com/chat/msg/lists [运行时间：0.023000s][吞吐率：43.48req/s] [内存消耗：2,635.35kb] [文件加载：45]
[ info ] [ LANG ] F:\code\thinkSwoole\thinkphp\lang\zh-cn.php
[ info ] [ ROUTE ] array (
  'type' => 'module',
  'module' => 
  array (
    0 => 'chat',
    1 => 'msg',
    2 => 'lists',
  ),
)
[ info ] [ HEADER ] array (
  'host' => 'kefu.test.com',
  'connection' => 'keep-alive',
  'user-agent' => 'Mozilla/5.0 (iPhone; CPU iPhone OS 9_1 like Mac OS X) AppleWebKit/601.1.46 (KHTML, like Gecko) Version/9.0 Mobile/13B143 Safari/601.1',
  'upgrade-insecure-requests' => '1',
  'accept' => 'text/html,application/xhtml+xml,application/xml;q=0.9,image/webp,image/apng,*/*;q=0.8',
  'accept-encoding' => 'gzip, deflate',
  'accept-language' => 'zh-CN,zh;q=0.8',
  'cookie' => 'pgv_pvi=1040552960; pgv_si=s4270891008; PHPSESSID=hadubfu8alj49h0a418djcbha5',
)
[ info ] [ PARAM ] array (
)
[ info ] [ SESSION ] INIT array (
  'id' => '',
  'var_session_id' => '',
  'prefix' => 'think',
  'type' => '',
  'auto_start' => true,
)
[ info ] [ DB ] INIT mysql
[ info ] [ RUN ] app\chat\controller\Msg->lists[ F:\code\thinkSwoole\application\chat\controller\Msg.php ]
[ info ] [ VIEW ] F:\code\thinkSwoole\public/../application/chat\view\index.html [ array (
  0 => 'id',
) ]
[ info ] [ LOG ] INIT File
---------------------------------------------------------------
[ 2017-11-13T18:07:26+08:00 ] 127.0.0.1 127.0.0.1 GET /api/friends/lists?uid=1&_=1510567646248
[ info ] kefu.test.com/api/friends/lists?uid=1&_=1510567646248 [运行时间：0.345000s][吞吐率：2.90req/s] [内存消耗：2,738.73kb] [文件加载：45]
[ info ] [ LANG ] F:\code\thinkSwoole\thinkphp\lang\zh-cn.php
[ info ] [ ROUTE ] array (
  'type' => 'module',
  'module' => 
  array (
    0 => 'api',
    1 => 'friends',
    2 => 'lists',
  ),
)
[ info ] [ HEADER ] array (
  'host' => 'kefu.test.com',
  'connection' => 'keep-alive',
  'accept' => 'application/json, text/javascript, */*; q=0.01',
  'x-requested-with' => 'XMLHttpRequest',
  'user-agent' => 'Mozilla/5.0 (iPhone; CPU iPhone OS 9_1 like Mac OS X) AppleWebKit/601.1.46 (KHTML, like Gecko) Version/9.0 Mobile/13B143 Safari/601.1',
  'referer' => 'http://kefu.test.com/chat/msg/lists',
  'accept-encoding' => 'gzip, deflate',
  'accept-language' => 'zh-CN,zh;q=0.8',
  'cookie' => 'pgv_pvi=1040552960; pgv_si=s4270891008; PHPSESSID=hadubfu8alj49h0a418djcbha5',
)
[ info ] [ PARAM ] array (
  'uid' => '1',
  '_' => '1510567646248',
)
[ info ] [ DB ] INIT mysql
[ info ] [ RUN ] app\api\controller\Friends->lists[ F:\code\thinkSwoole\application\api\controller\Friends.php ]
[ info ] [ LOG ] INIT File
[ sql ] [ DB ] CONNECT:[ UseTime:0.170000s ] mysql:host=119.29.208.229;port=3306;dbname=kefu;charset=utf8mb4
[ sql ] [ SQL ] SHOW COLUMNS FROM `users` [ RunTime:0.020000s ]
[ sql ] [ SQL ] SELECT uid as id,`username`,`account`,`avatar`,`sex`,`age`,`status`,`sign`,`addtime` FROM `users` WHERE  `uid` = 1 LIMIT 1 [ RunTime:0.026000s ]
[ sql ] [ SQL ] SHOW COLUMNS FROM `group` [ RunTime:0.023000s ]
[ sql ] [ SQL ] SELECT * FROM `group` WHERE  `create_uid` = 1 [ RunTime:0.029000s ]
[ sql ] [ SQL ] SHOW COLUMNS FROM `friends` [ RunTime:0.025000s ]
[ sql ] [ SQL ] SELECT `u`.`username`,`u`.`account`,`u`.`avatar`,`u`.`sex`,`u`.`age`,`f`.`group_id`,`f`.`uid`,f.fid as id FROM `friends` `f` INNER JOIN `users` `u` ON `f`.`fid`=`u`.`uid` WHERE  `f`.`uid` = '1' [ RunTime:0.029000s ]
---------------------------------------------------------------
[ 2017-11-13T18:07:32+08:00 ] 127.0.0.1 127.0.0.1 GET /chat/msg/lists
[ info ] kefu.test.com/chat/msg/lists [运行时间：0.025000s][吞吐率：40.00req/s] [内存消耗：2,635.74kb] [文件加载：45]
[ info ] [ LANG ] F:\code\thinkSwoole\thinkphp\lang\zh-cn.php
[ info ] [ ROUTE ] array (
  'type' => 'module',
  'module' => 
  array (
    0 => 'chat',
    1 => 'msg',
    2 => 'lists',
  ),
)
[ info ] [ HEADER ] array (
  'host' => 'kefu.test.com',
  'connection' => 'keep-alive',
  'cache-control' => 'max-age=0',
  'upgrade-insecure-requests' => '1',
  'user-agent' => 'Mozilla/5.0 (iPhone; CPU iPhone OS 9_1 like Mac OS X) AppleWebKit/601.1.46 (KHTML, like Gecko) Version/9.0 Mobile/13B143 Safari/601.1',
  'accept' => 'text/html,application/xhtml+xml,application/xml;q=0.9,image/webp,image/apng,*/*;q=0.8',
  'accept-encoding' => 'gzip, deflate',
  'accept-language' => 'zh-CN,zh;q=0.8',
  'cookie' => 'pgv_pvi=1040552960; pgv_si=s4270891008; PHPSESSID=hadubfu8alj49h0a418djcbha5',
)
[ info ] [ PARAM ] array (
)
[ info ] [ SESSION ] INIT array (
  'id' => '',
  'var_session_id' => '',
  'prefix' => 'think',
  'type' => '',
  'auto_start' => true,
)
[ info ] [ DB ] INIT mysql
[ info ] [ RUN ] app\chat\controller\Msg->lists[ F:\code\thinkSwoole\application\chat\controller\Msg.php ]
[ info ] [ VIEW ] F:\code\thinkSwoole\public/../application/chat\view\index.html [ array (
  0 => 'id',
) ]
[ info ] [ LOG ] INIT File
---------------------------------------------------------------
[ 2017-11-13T18:07:32+08:00 ] 127.0.0.1 127.0.0.1 GET /api/friends/lists?uid=1&_=1510567652497
[ info ] kefu.test.com/api/friends/lists?uid=1&_=1510567652497 [运行时间：0.187000s][吞吐率：5.35req/s] [内存消耗：2,738.73kb] [文件加载：45]
[ info ] [ LANG ] F:\code\thinkSwoole\thinkphp\lang\zh-cn.php
[ info ] [ ROUTE ] array (
  'type' => 'module',
  'module' => 
  array (
    0 => 'api',
    1 => 'friends',
    2 => 'lists',
  ),
)
[ info ] [ HEADER ] array (
  'host' => 'kefu.test.com',
  'connection' => 'keep-alive',
  'accept' => 'application/json, text/javascript, */*; q=0.01',
  'x-requested-with' => 'XMLHttpRequest',
  'user-agent' => 'Mozilla/5.0 (iPhone; CPU iPhone OS 9_1 like Mac OS X) AppleWebKit/601.1.46 (KHTML, like Gecko) Version/9.0 Mobile/13B143 Safari/601.1',
  'referer' => 'http://kefu.test.com/chat/msg/lists',
  'accept-encoding' => 'gzip, deflate',
  'accept-language' => 'zh-CN,zh;q=0.8',
  'cookie' => 'pgv_pvi=1040552960; pgv_si=s4270891008; PHPSESSID=hadubfu8alj49h0a418djcbha5',
)
[ info ] [ PARAM ] array (
  'uid' => '1',
  '_' => '1510567652497',
)
[ info ] [ DB ] INIT mysql
[ info ] [ RUN ] app\api\controller\Friends->lists[ F:\code\thinkSwoole\application\api\controller\Friends.php ]
[ info ] [ LOG ] INIT File
[ sql ] [ DB ] CONNECT:[ UseTime:0.032000s ] mysql:host=119.29.208.229;port=3306;dbname=kefu;charset=utf8mb4
[ sql ] [ SQL ] SHOW COLUMNS FROM `users` [ RunTime:0.021000s ]
[ sql ] [ SQL ] SELECT uid as id,`username`,`account`,`avatar`,`sex`,`age`,`status`,`sign`,`addtime` FROM `users` WHERE  `uid` = 1 LIMIT 1 [ RunTime:0.020000s ]
[ sql ] [ SQL ] SHOW COLUMNS FROM `group` [ RunTime:0.022000s ]
[ sql ] [ SQL ] SELECT * FROM `group` WHERE  `create_uid` = 1 [ RunTime:0.025000s ]
[ sql ] [ SQL ] SHOW COLUMNS FROM `friends` [ RunTime:0.021000s ]
[ sql ] [ SQL ] SELECT `u`.`username`,`u`.`account`,`u`.`avatar`,`u`.`sex`,`u`.`age`,`f`.`group_id`,`f`.`uid`,f.fid as id FROM `friends` `f` INNER JOIN `users` `u` ON `f`.`fid`=`u`.`uid` WHERE  `f`.`uid` = '1' [ RunTime:0.021000s ]
