---------------------------------------------------------------
[ 2017-11-06T09:25:52+08:00 ] 10.135.188.198 123.151.43.110 GET /
[ info ] 119.29.208.229/ [运行时间：0.571936s][吞吐率：1.75req/s] [内存消耗：1,127.47kb] [文件加载：35]
[ info ] [ LANG ] /data/wwwroot/thinkSwoole/thinkphp/lang/zh-cn.php
[ info ] [ ROUTE ] array (
  'type' => 'module',
  'module' => 
  array (
    0 => '',
    1 => NULL,
    2 => NULL,
  ),
)
[ info ] [ HEADER ] array (
  'user-agent' => 'Mozilla/5.0 (Windows NT 6.1; Win64; x64) AppleWebKit/537.36 (KHTML, like Gecko) Chrome/41.0.2272.89 Safari/537.36',
  'host' => '119.29.208.229',
  'cookie' => 'zsd_http_boce',
  'connection' => '',
  'accept-language' => 'zh-CN,zh;q=0.8,en;q=0.6',
  'accept-encoding' => 'gzip, deflate',
  'accept' => 'text/html,application/xhtml+xml,application/xml;q=0.9,image/webp,*/*;q=0.8',
  'content-type' => '',
  'content-length' => '',
)
[ info ] [ PARAM ] array (
)
[ info ] [ RUN ] app\index\controller\Index->index[ /data/wwwroot/thinkSwoole/application/index/controller/Index.php ]
[ info ] [ VIEW ] /data/wwwroot/thinkSwoole/public/../application/index/view/websocket_test.html [ array (
) ]
[ info ] [ LOG ] INIT File
